#
# A fatal error has been detected by the Java Runtime Environment:
#
#  EXCEPTION_ACCESS_VIOLATION (0xc0000005) at pc=0x00007ffd373ea14a, pid=11240, tid=20384
#
# JRE version: OpenJDK Runtime Environment Temurin-17.0.4+8 (17.0.4+8) (build 17.0.4+8)
# Java VM: OpenJDK 64-Bit Server VM Temurin-17.0.4+8 (17.0.4+8, mixed mode, sharing, tiered, compressed oops, compressed class ptrs, g1 gc, windows-amd64)
# Problematic frame:
# C  [lwjgl_opengl.dll+0xa14a]
#
# No core dump will be written. Minidumps are not enabled by default on client versions of Windows
#
# If you would like to submit a bug report, please visit:
#   https://github.com/adoptium/adoptium-support/issues
# The crash happened outside the Java Virtual Machine in native code.
# See problematic frame for where to report the bug.
#

---------------  S U M M A R Y ------------

Command Line: -ea -agentlib:jdwp=transport=dt_shmem,address=javadebug -Dfile.encoding=UTF-8 bluej.runtime.ExecServer UTF-8

Host: 11th Gen Intel(R) Core(TM) i7-11700K @ 3.60GHz, 16 cores, 31G,  Windows 11 , 64 bit Build 22621 (10.0.22621.2506)
Time: Thu Jan  4 20:24:32 2024 Central Standard Time elapsed time: 7.277563 seconds (0d 0h 0m 7s)

---------------  T H R E A D  ---------------

Current thread (0x000002c400b478d0):  JavaThread "main" [_thread_in_native, id=20384, stack(0x000000f8f1b00000,0x000000f8f1c00000)]

Stack: [0x000000f8f1b00000,0x000000f8f1c00000],  sp=0x000000f8f1bfea08,  free space=1018k
Native frames: (J=compiled Java code, j=interpreted, Vv=VM code, C=native code)
C  [lwjgl_opengl.dll+0xa14a]

Java frames: (J=compiled Java code, j=interpreted, Vv=VM code)
j  org.lwjgl.opengl.GL11.glBegin(I)V+0
j  RenderingPipeline.render(LCamera;)V+13
j  Main.main([Ljava/lang/String;)V+104
j  __SHELL0.run()V+6
v  ~StubRoutines::call_stub
j  jdk.internal.reflect.NativeMethodAccessorImpl.invoke0(Ljava/lang/reflect/Method;Ljava/lang/Object;[Ljava/lang/Object;)Ljava/lang/Object;+0 java.base@17.0.4
j  jdk.internal.reflect.NativeMethodAccessorImpl.invoke(Ljava/lang/Object;[Ljava/lang/Object;)Ljava/lang/Object;+133 java.base@17.0.4
j  jdk.internal.reflect.DelegatingMethodAccessorImpl.invoke(Ljava/lang/Object;[Ljava/lang/Object;)Ljava/lang/Object;+6 java.base@17.0.4
j  java.lang.reflect.Method.invoke(Ljava/lang/Object;[Ljava/lang/Object;)Ljava/lang/Object;+59 java.base@17.0.4
j  bluej.runtime.ExecServer$3.lambda$run$0(Ljava/lang/reflect/Method;)V+6
j  bluej.runtime.ExecServer$3$$Lambda$15+0x0000000800c01a38.run()V+4
j  bluej.runtime.ExecServer.runOnTargetThread(Lbluej/runtime/ExecServer$RunnableThrows;)V+30
j  bluej.runtime.ExecServer$3.run()V+134
v  ~StubRoutines::call_stub

siginfo: EXCEPTION_ACCESS_VIOLATION (0xc0000005), reading address 0x0000000000000030


Register to memory mapping:

RIP=0x00007ffd373ea14a lwjgl_opengl.dll
RAX=0x000002c400e0ca90 points into unknown readable memory: 0x0000000000000000 | 00 00 00 00 00 00 00 00
RBX={method} {0x000002c40042fa18} 'glBegin' '(I)V' in 'org/lwjgl/opengl/GL11'
RCX=0x0 is NULL
RDX=0x0 is NULL
RSP=0x000000f8f1bfea08 is pointing into the stack for thread: 0x000002c400b478d0
RBP=0x000000f8f1bfea88 is pointing into the stack for thread: 0x000002c400b478d0
RSI=0x0 is NULL
RDI=0x000002c459c2a42c is at code_begin+4812 in an Interpreter codelet
return entry points  [0x000002c459c29160, 0x000002c459c2b380]  8736 bytes
R8 =0x0 is NULL
R9 =0x0000000000000006 is an unknown value
R10=0x000002c459c31337 is at code_begin+1911 in an Interpreter codelet
method entry point (kind = native)  [0x000002c459c30bc0, 0x000002c459c31ce0]  4384 bytes
R11=0x00000006232c10c0 is an oop: java.lang.Class 
{0x00000006232c10c0} - klass: 'java/lang/Class'
 - ---- fields (total size 278 words):
 - private volatile transient 'classRedefinedCount' 'I' @12  0
 - private volatile transient 'cachedConstructor' 'Ljava/lang/reflect/Constructor;' @40  NULL (0)
 - private transient 'name' 'Ljava/lang/String;' @44  "org.lwjgl.opengl.GL11"{0x00000006232c1980} (c4658330)
 - private transient 'module' 'Ljava/lang/Module;' @48  a 'java/lang/Module'{0x0000000623865c78} (c470cb8f)
 - private final 'classLoader' 'Ljava/lang/ClassLoader;' @52  a 'jdk/internal/loader/ClassLoaders$AppClassLoader'{0x0000000623865ab8} (c470cb57)
 - private transient 'classData' 'Ljava/lang/Object;' @56  NULL (0)
 - private transient 'packageName' 'Ljava/lang/String;' @60  "org.lwjgl.opengl"{0x0000000623281070} (c465020e)
 - private final 'componentType' 'Ljava/lang/Class;' @64  NULL (0)
 - private volatile transient 'reflectionData' 'Ljava/lang/ref/SoftReference;' @68  NULL (0)
 - private volatile transient 'genericInfo' 'Lsun/reflect/generics/repository/ClassRepository;' @72  NULL (0)
 - private volatile transient 'enumConstants' '[Ljava/lang/Object;' @76  NULL (0)
 - private volatile transient 'enumConstantDirectory' 'Ljava/util/Map;' @80  NULL (0)
 - private volatile transient 'annotationData' 'Ljava/lang/Class$AnnotationData;' @84  NULL (0)
 - private volatile transient 'annotationType' 'Lsun/reflect/annotation/AnnotationType;' @88  NULL (0)
 - transient 'classValueMap' 'Ljava/lang/ClassValue$ClassValueMap;' @92  NULL (0)
 - signature: Lorg/lwjgl/opengl/GL11;
 - fake entry for mirror: 'org/lwjgl/opengl/GL11'
 - fake entry for array: NULL
 - fake entry for oop_size: 278
 - fake entry for static_oop_field_count: 0
 - public static final 'GL_ACCUM' 'I' @112  256 (100)
 - public static final 'GL_LOAD' 'I' @116  257 (101)
 - public static final 'GL_RETURN' 'I' @120  258 (102)
 - public static final 'GL_MULT' 'I' @124  259 (103)
 - public static final 'GL_ADD' 'I' @128  260 (104)
 - public static final 'GL_NEVER' 'I' @132  512 (200)
 - public static final 'GL_LESS' 'I' @136  513 (201)
 - public static final 'GL_EQUAL' 'I' @140  514 (202)
 - public static final 'GL_LEQUAL' 'I' @144  515 (203)
 - public static final 'GL_GREATER' 'I' @148  516 (204)
 - public static final 'GL_NOTEQUAL' 'I' @152  517 (205)
 - public static final 'GL_GEQUAL' 'I' @156  518 (206)
 - public static final 'GL_ALWAYS' 'I' @160  519 (207)
 - public static final 'GL_CURRENT_BIT' 'I' @164  1
 - public static final 'GL_POINT_BIT' 'I' @168  2
 - public static final 'GL_LINE_BIT' 'I' @172  4
 - public static final 'GL_POLYGON_BIT' 'I' @176  8
 - public static final 'GL_POLYGON_STIPPLE_BIT' 'I' @180  16 (10)
 - public static final 'GL_PIXEL_MODE_BIT' 'I' @184  32 (20)
 - public static final 'GL_LIGHTING_BIT' 'I' @188  64 (40)
 - public static final 'GL_FOG_BIT' 'I' @192  128 (80)
 - public static final 'GL_DEPTH_BUFFER_BIT' 'I' @196  256 (100)
 - public static final 'GL_ACCUM_BUFFER_BIT' 'I' @200  512 (200)
 - public static final 'GL_STENCIL_BUFFER_BIT' 'I' @204  1024 (400)
 - public static final 'GL_VIEWPORT_BIT' 'I' @208  2048 (800)
 - public static final 'GL_TRANSFORM_BIT' 'I' @212  4096 (1000)
 - public static final 'GL_ENABLE_BIT' 'I' @216  8192 (2000)
 - public static final 'GL_COLOR_BUFFER_BIT' 'I' @220  16384 (4000)
 - public static final 'GL_HINT_BIT' 'I' @224  32768 (8000)
 - public static final 'GL_EVAL_BIT' 'I' @228  65536 (10000)
 - public static final 'GL_LIST_BIT' 'I' @232  131072 (20000)
 - public static final 'GL_TEXTURE_BIT' 'I' @236  262144 (40000)
 - public static final 'GL_SCISSOR_BIT' 'I' @240  524288 (80000)
 - public static final 'GL_ALL_ATTRIB_BITS' 'I' @244  1048575 (fffff)
 - public static final 'GL_POINTS' 'I' @248  0
 - public static final 'GL_LINES' 'I' @252  1
 - public static final 'GL_LINE_LOOP' 'I' @256  2
 - public static final 'GL_LINE_STRIP' 'I' @260  3
 - public static final 'GL_TRIANGLES' 'I' @264  4
 - public static final 'GL_TRIANGLE_STRIP' 'I' @268  5
 - public static final 'GL_TRIANGLE_FAN' 'I' @272  6
 - public static final 'GL_QUADS' 'I' @276  7
 - public static final 'GL_QUAD_STRIP' 'I' @280  8
 - public static final 'GL_POLYGON' 'I' @284  9
 - public static final 'GL_ZERO' 'I' @288  0
 - public static final 'GL_ONE' 'I' @292  1
 - public static final 'GL_SRC_COLOR' 'I' @296  768 (300)
 - public static final 'GL_ONE_MINUS_SRC_COLOR' 'I' @300  769 (301)
 - public static final 'GL_SRC_ALPHA' 'I' @304  770 (302)
 - public static final 'GL_ONE_MINUS_SRC_ALPHA' 'I' @308  771 (303)
 - public static final 'GL_DST_ALPHA' 'I' @312  772 (304)
 - public static final 'GL_ONE_MINUS_DST_ALPHA' 'I' @316  773 (305)
 - public static final 'GL_DST_COLOR' 'I' @320  774 (306)
 - public static final 'GL_ONE_MINUS_DST_COLOR' 'I' @324  775 (307)
 - public static final 'GL_SRC_ALPHA_SATURATE' 'I' @328  776 (308)
 - public static final 'GL_TRUE' 'I' @332  1
 - public static final 'GL_FALSE' 'I' @336  0
 - public static final 'GL_CLIP_PLANE0' 'I' @340  12288 (3000)
 - public static final 'GL_CLIP_PLANE1' 'I' @344  12289 (3001)
 - public static final 'GL_CLIP_PLANE2' 'I' @348  12290 (3002)
 - public static final 'GL_CLIP_PLANE3' 'I' @352  12291 (3003)
 - public static final 'GL_CLIP_PLANE4' 'I' @356  12292 (3004)
 - public static final 'GL_CLIP_PLANE5' 'I' @360  12293 (3005)
 - public static final 'GL_BYTE' 'I' @364  5120 (1400)
 - public static final 'GL_UNSIGNED_BYTE' 'I' @368  5121 (1401)
 - public static final 'GL_SHORT' 'I' @372  5122 (1402)
 - public static final 'GL_UNSIGNED_SHORT' 'I' @376  5123 (1403)
 - public static final 'GL_INT' 'I' @380  5124 (1404)
 - public static final 'GL_UNSIGNED_INT' 'I' @384  5125 (1405)
 - public static final 'GL_FLOAT' 'I' @388  5126 (1406)
 - public static final 'GL_2_BYTES' 'I' @392  5127 (1407)
 - public static final 'GL_3_BYTES' 'I' @396  5128 (1408)
 - public static final 'GL_4_BYTES' 'I' @400  5129 (1409)
 - public static final 'GL_DOUBLE' 'I' @404  5130 (140a)
 - public static final 'GL_NONE' 'I' @408  0
 - public static final 'GL_FRONT_LEFT' 'I' @412  1024 (400)
 - public static final 'GL_FRONT_RIGHT' 'I' @416  1025 (401)
 - public static final 'GL_BACK_LEFT' 'I' @420  1026 (402)
 - public static final 'GL_BACK_RIGHT' 'I' @424  1027 (403)
 - public static final 'GL_FRONT' 'I' @428  1028 (404)
 - public static final 'GL_BACK' 'I' @432  1029 (405)
 - public static final 'GL_LEFT' 'I' @436  1030 (406)
 - public static final 'GL_RIGHT' 'I' @440  1031 (407)
 - public static final 'GL_FRONT_AND_BACK' 'I' @444  1032 (408)
 - public static final 'GL_AUX0' 'I' @448  1033 (409)
 - public static final 'GL_AUX1' 'I' @452  1034 (40a)
 - public static final 'GL_AUX2' 'I' @456  1035 (40b)
 - public static final 'GL_AUX3' 'I' @460  1036 (40c)
 - public static final 'GL_NO_ERROR' 'I' @464  0
 - public static final 'GL_INVALID_ENUM' 'I' @468  1280 (500)
 - public static final 'GL_INVALID_VALUE' 'I' @472  1281 (501)
 - public static final 'GL_INVALID_OPERATION' 'I' @476  1282 (502)
 - public static final 'GL_STACK_OVERFLOW' 'I' @480  1283 (503)
 - public static final 'GL_STACK_UNDERFLOW' 'I' @484  1284 (504)
 - public static final 'GL_OUT_OF_MEMORY' 'I' @488  1285 (505)
 - public static final 'GL_2D' 'I' @492  1536 (600)
 - public static final 'GL_3D' 'I' @496  1537 (601)
 - public static final 'GL_3D_COLOR' 'I' @500  1538 (602)
 - public static final 'GL_3D_COLOR_TEXTURE' 'I' @504  1539 (603)
 - public static final 'GL_4D_COLOR_TEXTURE' 'I' @508  1540 (604)
 - public static final 'GL_PASS_THROUGH_TOKEN' 'I' @512  1792 (700)
 - public static final 'GL_POINT_TOKEN' 'I' @516  1793 (701)
 - public static final 'GL_LINE_TOKEN' 'I' @520  1794 (702)
 - public static final 'GL_POLYGON_TOKEN' 'I' @524  1795 (703)
 - public static final 'GL_BITMAP_TOKEN' 'I' @528  1796 (704)
 - public static final 'GL_DRAW_PIXEL_TOKEN' 'I' @532  1797 (705)
 - public static final 'GL_COPY_PIXEL_TOKEN' 'I' @536  1798 (706)
 - public static final 'GL_LINE_RESET_TOKEN' 'I' @540  1799 (707)
 - public static final 'GL_EXP' 'I' @544  2048 (800)
 - public static final 'GL_EXP2' 'I' @548  2049 (801)
 - public static final 'GL_CW' 'I' @552  2304 (900)
 - public static final 'GL_CCW' 'I' @556  2305 (901)
 - public static final 'GL_COEFF' 'I' @560  2560 (a00)
 - public static final 'GL_ORDER' 'I' @564  2561 (a01)
 - public static final 'GL_DOMAIN' 'I' @568  2562 (a02)
 - public static final 'GL_CURRENT_COLOR' 'I' @572  2816 (b00)
 - public static final 'GL_CURRENT_INDEX' 'I' @576  2817 (b01)
 - public static final 'GL_CURRENT_NORMAL' 'I' @580  2818 (b02)
 - public static final 'GL_CURRENT_TEXTURE_COORDS' 'I' @584  2819 (b03)
 - public static final 'GL_CURRENT_RASTER_COLOR' 'I' @588  2820 (b04)
 - public static final 'GL_CURRENT_RASTER_INDEX' 'I' @592  2821 (b05)
 - public static final 'GL_CURRENT_RASTER_TEXTURE_COORDS' 'I' @596  2822 (b06)
 - public static final 'GL_CURRENT_RASTER_POSITION' 'I' @600  2823 (b07)
 - public static final 'GL_CURRENT_RASTER_POSITION_VALID' 'I' @604  2824 (b08)
 - public static final 'GL_CURRENT_RASTER_DISTANCE' 'I' @608  2825 (b09)
 - public static final 'GL_POINT_SMOOTH' 'I' @612  2832 (b10)
 - public static final 'GL_POINT_SIZE' 'I' @616  2833 (b11)
 - public static final 'GL_POINT_SIZE_RANGE' 'I' @620  2834 (b12)
 - public static final 'GL_POINT_SIZE_GRANULARITY' 'I' @624  2835 (b13)
 - public static final 'GL_LINE_SMOOTH' 'I' @628  2848 (b20)
 - public static final 'GL_LINE_WIDTH' 'I' @632  2849 (b21)
 - public static final 'GL_LINE_WIDTH_RANGE' 'I' @636  2850 (b22)
 - public static final 'GL_LINE_WIDTH_GRANULARITY' 'I' @640  2851 (b23)
 - public static final 'GL_LINE_STIPPLE' 'I' @644  2852 (b24)
 - public static final 'GL_LINE_STIPPLE_PATTERN' 'I' @648  2853 (b25)
 - public static final 'GL_LINE_STIPPLE_REPEAT' 'I' @652  2854 (b26)
 - public static final 'GL_LIST_MODE' 'I' @656  2864 (b30)
 - public static final 'GL_MAX_LIST_NESTING' 'I' @660  2865 (b31)
 - public static final 'GL_LIST_BASE' 'I' @664  2866 (b32)
 - public static final 'GL_LIST_INDEX' 'I' @668  2867 (b33)
 - public static final 'GL_POLYGON_MODE' 'I' @672  2880 (b40)
 - public static final 'GL_POLYGON_SMOOTH' 'I' @676  2881 (b41)
 - public static final 'GL_POLYGON_STIPPLE' 'I' @680  2882 (b42)
 - public static final 'GL_EDGE_FLAG' 'I' @684  2883 (b43)
 - public static final 'GL_CULL_FACE' 'I' @688  2884 (b44)
 - public static final 'GL_CULL_FACE_MODE' 'I' @692  2885 (b45)
 - public static final 'GL_FRONT_FACE' 'I' @696  2886 (b46)
 - public static final 'GL_LIGHTING' 'I' @700  2896 (b50)
 - public static final 'GL_LIGHT_MODEL_LOCAL_VIEWER' 'I' @704  2897 (b51)
 - public static final 'GL_LIGHT_MODEL_TWO_SIDE' 'I' @708  2898 (b52)
 - public static final 'GL_LIGHT_MODEL_AMBIENT' 'I' @712  2899 (b53)
 - public static final 'GL_SHADE_MODEL' 'I' @716  2900 (b54)
 - public static final 'GL_COLOR_MATERIAL_FACE' 'I' @720  2901 (b55)
 - public static final 'GL_COLOR_MATERIAL_PARAMETER' 'I' @724  2902 (b56)
 - public static final 'GL_COLOR_MATERIAL' 'I' @728  2903 (b57)
 - public static final 'GL_FOG' 'I' @732  2912 (b60)
 - public static final 'GL_FOG_INDEX' 'I' @736  2913 (b61)
 - public static final 'GL_FOG_DENSITY' 'I' @740  2914 (b62)
 - public static final 'GL_FOG_START' 'I' @744  2915 (b63)
 - public static final 'GL_FOG_END' 'I' @748  2916 (b64)
 - public static final 'GL_FOG_MODE' 'I' @752  2917 (b65)
 - public static final 'GL_FOG_COLOR' 'I' @756  2918 (b66)
 - public static final 'GL_DEPTH_RANGE' 'I' @760  2928 (b70)
 - public static final 'GL_DEPTH_TEST' 'I' @764  2929 (b71)
 - public static final 'GL_DEPTH_WRITEMASK' 'I' @768  2930 (b72)
 - public static final 'GL_DEPTH_CLEAR_VALUE' 'I' @772  2931 (b73)
 - public static final 'GL_DEPTH_FUNC' 'I' @776  2932 (b74)
 - public static final 'GL_ACCUM_CLEAR_VALUE' 'I' @780  2944 (b80)
 - public static final 'GL_STENCIL_TEST' 'I' @784  2960 (b90)
 - public static final 'GL_STENCIL_CLEAR_VALUE' 'I' @788  2961 (b91)
 - public static final 'GL_STENCIL_FUNC' 'I' @792  2962 (b92)
 - public static final 'GL_STENCIL_VALUE_MASK' 'I' @796  2963 (b93)
 - public static final 'GL_STENCIL_FAIL' 'I' @800  2964 (b94)
 - public static final 'GL_STENCIL_PASS_DEPTH_FAIL' 'I' @804  2965 (b95)
 - public static final 'GL_STENCIL_PASS_DEPTH_PASS' 'I' @808  2966 (b96)
 - public static final 'GL_STENCIL_REF' 'I' @812  2967 (b97)
 - public static final 'GL_STENCIL_WRITEMASK' 'I' @816  2968 (b98)
 - public static final 'GL_MATRIX_MODE' 'I' @820  2976 (ba0)
 - public static final 'GL_NORMALIZE' 'I' @824  2977 (ba1)
 - public static final 'GL_VIEWPORT' 'I' @828  2978 (ba2)
 - public static final 'GL_MODELVIEW_STACK_DEPTH' 'I' @832  2979 (ba3)
 - public static final 'GL_PROJECTION_STACK_DEPTH' 'I' @836  2980 (ba4)
 - public static final 'GL_TEXTURE_STACK_DEPTH' 'I' @840  2981 (ba5)
 - public static final 'GL_MODELVIEW_MATRIX' 'I' @844  2982 (ba6)
 - public static final 'GL_PROJECTION_MATRIX' 'I' @848  2983 (ba7)
 - public static final 'GL_TEXTURE_MATRIX' 'I' @852  2984 (ba8)
 - public static final 'GL_ATTRIB_STACK_DEPTH' 'I' @856  2992 (bb0)
 - public static final 'GL_CLIENT_ATTRIB_STACK_DEPTH' 'I' @860  2993 (bb1)
 - public static final 'GL_ALPHA_TEST' 'I' @864  3008 (bc0)
 - public static final 'GL_ALPHA_TEST_FUNC' 'I' @868  3009 (bc1)
 - public static final 'GL_ALPHA_TEST_REF' 'I' @872  3010 (bc2)
 - public static final 'GL_DITHER' 'I' @876  3024 (bd0)
 - public static final 'GL_BLEND_DST' 'I' @880  3040 (be0)
 - public static final 'GL_BLEND_SRC' 'I' @884  3041 (be1)
 - public static final 'GL_BLEND' 'I' @888  3042 (be2)
 - public static final 'GL_LOGIC_OP_MODE' 'I' @892  3056 (bf0)
 - public static final 'GL_INDEX_LOGIC_OP' 'I' @896  3057 (bf1)
 - public static final 'GL_LOGIC_OP' 'I' @900  3057 (bf1)
 - public static final 'GL_COLOR_LOGIC_OP' 'I' @904  3058 (bf2)
 - public static final 'GL_AUX_BUFFERS' 'I' @908  3072 (c00)
 - public static final 'GL_DRAW_BUFFER' 'I' @912  3073 (c01)
 - public static final 'GL_READ_BUFFER' 'I' @916  3074 (c02)
 - public static final 'GL_SCISSOR_BOX' 'I' @920  3088 (c10)
 - public static final 'GL_SCISSOR_TEST' 'I' @924  3089 (c11)
 - public static final 'GL_INDEX_CLEAR_VALUE' 'I' @928  3104 (c20)
 - public static final 'GL_INDEX_WRITEMASK' 'I' @932  3105 (c21)
 - public static final 'GL_COLOR_CLEAR_VALUE' 'I' @936  3106 (c22)
 - public static final 'GL_COLOR_WRITEMASK' 'I' @940  3107 (c23)
 - public static final 'GL_INDEX_MODE' 'I' @944  3120 (c30)
 - public static final 'GL_RGBA_MODE' 'I' @948  3121 (c31)
 - public static final 'GL_DOUBLEBUFFER' 'I' @952  3122 (c32)
 - public static final 'GL_STEREO' 'I' @956  3123 (c33)
 - public static final 'GL_RENDER_MODE' 'I' @960  3136 (c40)
 - public static final 'GL_PERSPECTIVE_CORRECTION_HINT' 'I' @964  3152 (c50)
 - public static final 'GL_POINT_SMOOTH_HINT' 'I' @968  3153 (c51)
 - public static final 'GL_LINE_SMOOTH_HINT' 'I' @972  3154 (c52)
 - public static final 'GL_POLYGON_SMOOTH_HINT' 'I' @976  3155 (c53)
 - public static final 'GL_FOG_HINT' 'I' @980  3156 (c54)
 - public static final 'GL_TEXTURE_GEN_S' 'I' @984  3168 (c60)
 - public static final 'GL_TEXTURE_GEN_T' 'I' @988  3169 (c61)
 - public static final 'GL_TEXTURE_GEN_R' 'I' @992  3170 (c62)
 - public static final 'GL_TEXTURE_GEN_Q' 'I' @996  3171 (c63)
 - public static final 'GL_PIXEL_MAP_I_TO_I' 'I' @1000  3184 (c70)
 - public static final 'GL_PIXEL_MAP_S_TO_S' 'I' @1004  3185 (c71)
 - public static final 'GL_PIXEL_MAP_I_TO_R' 'I' @1008  3186 (c72)
 - public static final 'GL_PIXEL_MAP_I_TO_G' 'I' @1012  3187 (c73)
 - public static final 'GL_PIXEL_MAP_I_TO_B' 'I' @1016  3188 (c74)
 - public static final 'GL_PIXEL_MAP_I_TO_A' 'I' @1020  3189 (c75)
 - public static final 'GL_PIXEL_MAP_R_TO_R' 'I' @1024  3190 (c76)
 - public static final 'GL_PIXEL_MAP_G_TO_G' 'I' @1028  3191 (c77)
 - public static final 'GL_PIXEL_MAP_B_TO_B' 'I' @1032  3192 (c78)
 - public static final 'GL_PIXEL_MAP_A_TO_A' 'I' @1036  3193 (c79)
 - public static final 'GL_PIXEL_MAP_I_TO_I_SIZE' 'I' @1040  3248 (cb0)
 - public static final 'GL_PIXEL_MAP_S_TO_S_SIZE' 'I' @1044  3249 (cb1)
 - public static final 'GL_PIXEL_MAP_I_TO_R_SIZE' 'I' @1048  3250 (cb2)
 - public static final 'GL_PIXEL_MAP_I_TO_G_SIZE' 'I' @1052  3251 (cb3)
 - public static final 'GL_PIXEL_MAP_I_TO_B_SIZE' 'I' @1056  3252 (cb4)
 - public static final 'GL_PIXEL_MAP_I_TO_A_SIZE' 'I' @1060  3253 (cb5)
 - public static final 'GL_PIXEL_MAP_R_TO_R_SIZE' 'I' @1064  3254 (cb6)
 - public static final 'GL_PIXEL_MAP_G_TO_G_SIZE' 'I' @1068  3255 (cb7)
 - public static final 'GL_PIXEL_MAP_B_TO_B_SIZE' 'I' @1072  3256 (cb8)
 - public static final 'GL_PIXEL_MAP_A_TO_A_SIZE' 'I' @1076  3257 (cb9)
 - public static final 'GL_UNPACK_SWAP_BYTES' 'I' @1080  3312 (cf0)
 - public static final 'GL_UNPACK_LSB_FIRST' 'I' @1084  3313 (cf1)
 - public static final 'GL_UNPACK_ROW_LENGTH' 'I' @1088  3314 (cf2)
 - public static final 'GL_UNPACK_SKIP_ROWS' 'I' @1092  3315 (cf3)
 - public static final 'GL_UNPACK_SKIP_PIXELS' 'I' @1096  3316 (cf4)
 - public static final 'GL_UNPACK_ALIGNMENT' 'I' @1100  3317 (cf5)
 - public static final 'GL_PACK_SWAP_BYTES' 'I' @1104  3328 (d00)
 - public static final 'GL_PACK_LSB_FIRST' 'I' @1108  3329 (d01)
 - public static final 'GL_PACK_ROW_LENGTH' 'I' @1112  3330 (d02)
 - public static final 'GL_PACK_SKIP_ROWS' 'I' @1116  3331 (d03)
 - public static final 'GL_PACK_SKIP_PIXELS' 'I' @1120  3332 (d04)
 - public static final 'GL_PACK_ALIGNMENT' 'I' @1124  3333 (d05)
 - public static final 'GL_MAP_COLOR' 'I' @1128  3344 (d10)
 - public static final 'GL_MAP_STENCIL' 'I' @1132  3345 (d11)
 - public static final 'GL_INDEX_SHIFT' 'I' @1136  3346 (d12)
 - public static final 'GL_INDEX_OFFSET' 'I' @1140  3347 (d13)
 - public static final 'GL_RED_SCALE' 'I' @1144  3348 (d14)
 - public static final 'GL_RED_BIAS' 'I' @1148  3349 (d15)
 - public static final 'GL_ZOOM_X' 'I' @1152  3350 (d16)
 - public static final 'GL_ZOOM_Y' 'I' @1156  3351 (d17)
 - public static final 'GL_GREEN_SCALE' 'I' @1160  3352 (d18)
 - public static final 'GL_GREEN_BIAS' 'I' @1164  3353 (d19)
 - public static final 'GL_BLUE_SCALE' 'I' @1168  3354 (d1a)
 - public static final 'GL_BLUE_BIAS' 'I' @1172  3355 (d1b)
 - public static final 'GL_ALPHA_SCALE' 'I' @1176  3356 (d1c)
 - public static final 'GL_ALPHA_BIAS' 'I' @1180  3357 (d1d)
 - public static final 'GL_DEPTH_SCALE' 'I' @1184  3358 (d1e)
 - public static final 'GL_DEPTH_BIAS' 'I' @1188  3359 (d1f)
 - public static final 'GL_MAX_EVAL_ORDER' 'I' @1192  3376 (d30)
 - public static final 'GL_MAX_LIGHTS' 'I' @1196  3377 (d31)
 - public static final 'GL_MAX_CLIP_PLANES' 'I' @1200  3378 (d32)
 - public static final 'GL_MAX_TEXTURE_SIZE' 'I' @1204  3379 (d33)
 - public static final 'GL_MAX_PIXEL_MAP_TABLE' 'I' @1208  3380 (d34)
 - public static final 'GL_MAX_ATTRIB_STACK_DEPTH' 'I' @1212  3381 (d35)
 - public static final 'GL_MAX_MODELVIEW_STACK_DEPTH' 'I' @1216  3382 (d36)
 - public static final 'GL_MAX_NAME_STACK_DEPTH' 'I' @1220  3383 (d37)
 - public static final 'GL_MAX_PROJECTION_STACK_DEPTH' 'I' @1224  3384 (d38)
 - public static final 'GL_MAX_TEXTURE_STACK_DEPTH' 'I' @1228  3385 (d39)
 - public static final 'GL_MAX_VIEWPORT_DIMS' 'I' @1232  3386 (d3a)
 - public static final 'GL_MAX_CLIENT_ATTRIB_STACK_DEPTH' 'I' @1236  3387 (d3b)
 - public static final 'GL_SUBPIXEL_BITS' 'I' @1240  3408 (d50)
 - public static final 'GL_INDEX_BITS' 'I' @1244  3409 (d51)
 - public static final 'GL_RED_BITS' 'I' @1248  3410 (d52)
 - public static final 'GL_GREEN_BITS' 'I' @1252  3411 (d53)
 - public static final 'GL_BLUE_BITS' 'I' @1256  3412 (d54)
 - public static final 'GL_ALPHA_BITS' 'I' @1260  3413 (d55)
 - public static final 'GL_DEPTH_BITS' 'I' @1264  3414 (d56)
 - public static final 'GL_STENCIL_BITS' 'I' @1268  3415 (d57)
 - public static final 'GL_ACCUM_RED_BITS' 'I' @1272  3416 (d58)
 - public static final 'GL_ACCUM_GREEN_BITS' 'I' @1276  3417 (d59)
 - public static final 'GL_ACCUM_BLUE_BITS' 'I' @1280  3418 (d5a)
 - public static final 'GL_ACCUM_ALPHA_BITS' 'I' @1284  3419 (d5b)
 - public static final 'GL_NAME_STACK_DEPTH' 'I' @1288  3440 (d70)
 - public static final 'GL_AUTO_NORMAL' 'I' @1292  3456 (d80)
 - public static final 'GL_MAP1_COLOR_4' 'I' @1296  3472 (d90)
 - public static final 'GL_MAP1_INDEX' 'I' @1300  3473 (d91)
 - public static final 'GL_MAP1_NORMAL' 'I' @1304  3474 (d92)
 - public static final 'GL_MAP1_TEXTURE_COORD_1' 'I' @1308  3475 (d93)
 - public static final 'GL_MAP1_TEXTURE_COORD_2' 'I' @1312  3476 (d94)
 - public static final 'GL_MAP1_TEXTURE_COORD_3' 'I' @1316  3477 (d95)
 - public static final 'GL_MAP1_TEXTURE_COORD_4' 'I' @1320  3478 (d96)
 - public static final 'GL_MAP1_VERTEX_3' 'I' @1324  3479 (d97)
 - public static final 'GL_MAP1_VERTEX_4' 'I' @1328  3480 (d98)
 - public static final 'GL_MAP2_COLOR_4' 'I' @1332  3504 (db0)
 - public static final 'GL_MAP2_INDEX' 'I' @1336  3505 (db1)
 - public static final 'GL_MAP2_NORMAL' 'I' @1340  3506 (db2)
 - public static final 'GL_MAP2_TEXTURE_COORD_1' 'I' @1344  3507 (db3)
 - public static final 'GL_MAP2_TEXTURE_COORD_2' 'I' @1348  3508 (db4)
 - public static final 'GL_MAP2_TEXTURE_COORD_3' 'I' @1352  3509 (db5)
 - public static final 'GL_MAP2_TEXTURE_COORD_4' 'I' @1356  3510 (db6)
 - public static final 'GL_MAP2_VERTEX_3' 'I' @1360  3511 (db7)
 - public static final 'GL_MAP2_VERTEX_4' 'I' @1364  3512 (db8)
 - public static final 'GL_MAP1_GRID_DOMAIN' 'I' @1368  3536 (dd0)
 - public static final 'GL_MAP1_GRID_SEGMENTS' 'I' @1372  3537 (dd1)
 - public static final 'GL_MAP2_GRID_DOMAIN' 'I' @1376  3538 (dd2)
 - public static final 'GL_MAP2_GRID_SEGMENTS' 'I' @1380  3539 (dd3)
 - public static final 'GL_TEXTURE_1D' 'I' @1384  3552 (de0)
 - public static final 'GL_TEXTURE_2D' 'I' @1388  3553 (de1)
 - public static final 'GL_FEEDBACK_BUFFER_POINTER' 'I' @1392  3568 (df0)
 - public static final 'GL_FEEDBACK_BUFFER_SIZE' 'I' @1396  3569 (df1)
 - public static final 'GL_FEEDBACK_BUFFER_TYPE' 'I' @1400  3570 (df2)
 - public static final 'GL_SELECTION_BUFFER_POINTER' 'I' @1404  3571 (df3)
 - public static final 'GL_SELECTION_BUFFER_SIZE' 'I' @1408  3572 (df4)
 - public static final 'GL_TEXTURE_WIDTH' 'I' @1412  4096 (1000)
 - public static final 'GL_TEXTURE_HEIGHT' 'I' @1416  4097 (1001)
 - public static final 'GL_TEXTURE_INTERNAL_FORMAT' 'I' @1420  4099 (1003)
 - public static final 'GL_TEXTURE_COMPONENTS' 'I' @1424  4099 (1003)
 - public static final 'GL_TEXTURE_BORDER_COLOR' 'I' @1428  4100 (1004)
 - public static final 'GL_TEXTURE_BORDER' 'I' @1432  4101 (1005)
 - public static final 'GL_DONT_CARE' 'I' @1436  4352 (1100)
 - public static final 'GL_FASTEST' 'I' @1440  4353 (1101)
 - public static final 'GL_NICEST' 'I' @1444  4354 (1102)
 - public static final 'GL_LIGHT0' 'I' @1448  16384 (4000)
 - public static final 'GL_LIGHT1' 'I' @1452  16385 (4001)
 - public static final 'GL_LIGHT2' 'I' @1456  16386 (4002)
 - public static final 'GL_LIGHT3' 'I' @1460  16387 (4003)
 - public static final 'GL_LIGHT4' 'I' @1464  16388 (4004)
 - public static final 'GL_LIGHT5' 'I' @1468  16389 (4005)
 - public static final 'GL_LIGHT6' 'I' @1472  16390 (4006)
 - public static final 'GL_LIGHT7' 'I' @1476  16391 (4007)
 - public static final 'GL_AMBIENT' 'I' @1480  4608 (1200)
 - public static final 'GL_DIFFUSE' 'I' @1484  4609 (1201)
 - public static final 'GL_SPECULAR' 'I' @1488  4610 (1202)
 - public static final 'GL_POSITION' 'I' @1492  4611 (1203)
 - public static final 'GL_SPOT_DIRECTION' 'I' @1496  4612 (1204)
 - public static final 'GL_SPOT_EXPONENT' 'I' @1500  4613 (1205)
 - public static final 'GL_SPOT_CUTOFF' 'I' @1504  4614 (1206)
 - public static final 'GL_CONSTANT_ATTENUATION' 'I' @1508  4615 (1207)
 - public static final 'GL_LINEAR_ATTENUATION' 'I' @1512  4616 (1208)
 - public static final 'GL_QUADRATIC_ATTENUATION' 'I' @1516  4617 (1209)
 - public static final 'GL_COMPILE' 'I' @1520  4864 (1300)
 - public static final 'GL_COMPILE_AND_EXECUTE' 'I' @1524  4865 (1301)
 - public static final 'GL_CLEAR' 'I' @1528  5376 (1500)
 - public static final 'GL_AND' 'I' @1532  5377 (1501)
 - public static final 'GL_AND_REVERSE' 'I' @1536  5378 (1502)
 - public static final 'GL_COPY' 'I' @1540  5379 (1503)
 - public static final 'GL_AND_INVERTED' 'I' @1544  5380 (1504)
 - public static final 'GL_NOOP' 'I' @1548  5381 (1505)
 - public static final 'GL_XOR' 'I' @1552  5382 (1506)
 - public static final 'GL_OR' 'I' @1556  5383 (1507)
 - public static final 'GL_NOR' 'I' @1560  5384 (1508)
 - public static final 'GL_EQUIV' 'I' @1564  5385 (1509)
 - public static final 'GL_INVERT' 'I' @1568  5386 (150a)
 - public static final 'GL_OR_REVERSE' 'I' @1572  5387 (150b)
 - public static final 'GL_COPY_INVERTED' 'I' @1576  5388 (150c)
 - public static final 'GL_OR_INVERTED' 'I' @1580  5389 (150d)
 - public static final 'GL_NAND' 'I' @1584  5390 (150e)
 - public static final 'GL_SET' 'I' @1588  5391 (150f)
 - public static final 'GL_EMISSION' 'I' @1592  5632 (1600)
 - public static final 'GL_SHININESS' 'I' @1596  5633 (1601)
 - public static final 'GL_AMBIENT_AND_DIFFUSE' 'I' @1600  5634 (1602)
 - public static final 'GL_COLOR_INDEXES' 'I' @1604  5635 (1603)
 - public static final 'GL_MODELVIEW' 'I' @1608  5888 (1700)
 - public static final 'GL_PROJECTION' 'I' @1612  5889 (1701)
 - public static final 'GL_TEXTURE' 'I' @1616  5890 (1702)
 - public static final 'GL_COLOR' 'I' @1620  6144 (1800)
 - public static final 'GL_DEPTH' 'I' @1624  6145 (1801)
 - public static final 'GL_STENCIL' 'I' @1628  6146 (1802)
 - public static final 'GL_COLOR_INDEX' 'I' @1632  6400 (1900)
 - public static final 'GL_STENCIL_INDEX' 'I' @1636  6401 (1901)
 - public static final 'GL_DEPTH_COMPONENT' 'I' @1640  6402 (1902)
 - public static final 'GL_RED' 'I' @1644  6403 (1903)
 - public static final 'GL_GREEN' 'I' @1648  6404 (1904)
 - public static final 'GL_BLUE' 'I' @1652  6405 (1905)
 - public static final 'GL_ALPHA' 'I' @1656  6406 (1906)
 - public static final 'GL_RGB' 'I' @1660  6407 (1907)
 - public static final 'GL_RGBA' 'I' @1664  6408 (1908)
 - public static final 'GL_LUMINANCE' 'I' @1668  6409 (1909)
 - public static final 'GL_LUMINANCE_ALPHA' 'I' @1672  6410 (190a)
 - public static final 'GL_BITMAP' 'I' @1676  6656 (1a00)
 - public static final 'GL_POINT' 'I' @1680  6912 (1b00)
 - public static final 'GL_LINE' 'I' @1684  6913 (1b01)
 - public static final 'GL_FILL' 'I' @1688  6914 (1b02)
 - public static final 'GL_RENDER' 'I' @1692  7168 (1c00)
 - public static final 'GL_FEEDBACK' 'I' @1696  7169 (1c01)
 - public static final 'GL_SELECT' 'I' @1700  7170 (1c02)
 - public static final 'GL_FLAT' 'I' @1704  7424 (1d00)
 - public static final 'GL_SMOOTH' 'I' @1708  7425 (1d01)
 - public static final 'GL_KEEP' 'I' @1712  7680 (1e00)
 - public static final 'GL_REPLACE' 'I' @1716  7681 (1e01)
 - public static final 'GL_INCR' 'I' @1720  7682 (1e02)
 - public static final 'GL_DECR' 'I' @1724  7683 (1e03)
 - public static final 'GL_VENDOR' 'I' @1728  7936 (1f00)
 - public static final 'GL_RENDERER' 'I' @1732  7937 (1f01)
 - public static final 'GL_VERSION' 'I' @1736  7938 (1f02)
 - public static final 'GL_EXTENSIONS' 'I' @1740  7939 (1f03)
 - public static final 'GL_S' 'I' @1744  8192 (2000)
 - public static final 'GL_T' 'I' @1748  8193 (2001)
 - public static final 'GL_R' 'I' @1752  8194 (2002)
 - public static final 'GL_Q' 'I' @1756  8195 (2003)
 - public static final 'GL_MODULATE' 'I' @1760  8448 (2100)
 - public static final 'GL_DECAL' 'I' @1764  8449 (2101)
 - public static final 'GL_TEXTURE_ENV_MODE' 'I' @1768  8704 (2200)
 - public static final 'GL_TEXTURE_ENV_COLOR' 'I' @1772  8705 (2201)
 - public static final 'GL_TEXTURE_ENV' 'I' @1776  8960 (2300)
 - public static final 'GL_EYE_LINEAR' 'I' @1780  9216 (2400)
 - public static final 'GL_OBJECT_LINEAR' 'I' @1784  9217 (2401)
 - public static final 'GL_SPHERE_MAP' 'I' @1788  9218 (2402)
 - public static final 'GL_TEXTURE_GEN_MODE' 'I' @1792  9472 (2500)
 - public static final 'GL_OBJECT_PLANE' 'I' @1796  9473 (2501)
 - public static final 'GL_EYE_PLANE' 'I' @1800  9474 (2502)
 - public static final 'GL_NEAREST' 'I' @1804  9728 (2600)
 - public static final 'GL_LINEAR' 'I' @1808  9729 (2601)
 - public static final 'GL_NEAREST_MIPMAP_NEAREST' 'I' @1812  9984 (2700)
 - public static final 'GL_LINEAR_MIPMAP_NEAREST' 'I' @1816  9985 (2701)
 - public static final 'GL_NEAREST_MIPMAP_LINEAR' 'I' @1820  9986 (2702)
 - public static final 'GL_LINEAR_MIPMAP_LINEAR' 'I' @1824  9987 (2703)
 - public static final 'GL_TEXTURE_MAG_FILTER' 'I' @1828  10240 (2800)
 - public static final 'GL_TEXTURE_MIN_FILTER' 'I' @1832  10241 (2801)
 - public static final 'GL_TEXTURE_WRAP_S' 'I' @1836  10242 (2802)
 - public static final 'GL_TEXTURE_WRAP_T' 'I' @1840  10243 (2803)
 - public static final 'GL_CLAMP' 'I' @1844  10496 (2900)
 - public static final 'GL_REPEAT' 'I' @1848  10497 (2901)
 - public static final 'GL_CLIENT_PIXEL_STORE_BIT' 'I' @1852  1
 - public static final 'GL_CLIENT_VERTEX_ARRAY_BIT' 'I' @1856  2
 - public static final 'GL_CLIENT_ALL_ATTRIB_BITS' 'I' @1860  -1 (ffffffff)
 - public static final 'GL_POLYGON_OFFSET_FACTOR' 'I' @1864  32824 (8038)
 - public static final 'GL_POLYGON_OFFSET_UNITS' 'I' @1868  10752 (2a00)
 - public static final 'GL_POLYGON_OFFSET_POINT' 'I' @1872  10753 (2a01)
 - public static final 'GL_POLYGON_OFFSET_LINE' 'I' @1876  10754 (2a02)
 - public static final 'GL_POLYGON_OFFSET_FILL' 'I' @1880  32823 (8037)
 - public static final 'GL_ALPHA4' 'I' @1884  32827 (803b)
 - public static final 'GL_ALPHA8' 'I' @1888  32828 (803c)
 - public static final 'GL_ALPHA12' 'I' @1892  32829 (803d)
 - public static final 'GL_ALPHA16' 'I' @1896  32830 (803e)
 - public static final 'GL_LUMINANCE4' 'I' @1900  32831 (803f)
 - public static final 'GL_LUMINANCE8' 'I' @1904  32832 (8040)
 - public static final 'GL_LUMINANCE12' 'I' @1908  32833 (8041)
 - public static final 'GL_LUMINANCE16' 'I' @1912  32834 (8042)
 - public static final 'GL_LUMINANCE4_ALPHA4' 'I' @1916  32835 (8043)
 - public static final 'GL_LUMINANCE6_ALPHA2' 'I' @1920  32836 (8044)
 - public static final 'GL_LUMINANCE8_ALPHA8' 'I' @1924  32837 (8045)
 - public static final 'GL_LUMINANCE12_ALPHA4' 'I' @1928  32838 (8046)
 - public static final 'GL_LUMINANCE12_ALPHA12' 'I' @1932  32839 (8047)
 - public static final 'GL_LUMINANCE16_ALPHA16' 'I' @1936  32840 (8048)
 - public static final 'GL_INTENSITY' 'I' @1940  32841 (8049)
 - public static final 'GL_INTENSITY4' 'I' @1944  32842 (804a)
 - public static final 'GL_INTENSITY8' 'I' @1948  32843 (804b)
 - public static final 'GL_INTENSITY12' 'I' @1952  32844 (804c)
 - public static final 'GL_INTENSITY16' 'I' @1956  32845 (804d)
 - public static final 'GL_R3_G3_B2' 'I' @1960  10768 (2a10)
 - public static final 'GL_RGB4' 'I' @1964  32847 (804f)
 - public static final 'GL_RGB5' 'I' @1968  32848 (8050)
 - public static final 'GL_RGB8' 'I' @1972  32849 (8051)
 - public static final 'GL_RGB10' 'I' @1976  32850 (8052)
 - public static final 'GL_RGB12' 'I' @1980  32851 (8053)
 - public static final 'GL_RGB16' 'I' @1984  32852 (8054)
 - public static final 'GL_RGBA2' 'I' @1988  32853 (8055)
 - public static final 'GL_RGBA4' 'I' @1992  32854 (8056)
 - public static final 'GL_RGB5_A1' 'I' @1996  32855 (8057)
 - public static final 'GL_RGBA8' 'I' @2000  32856 (8058)
 - public static final 'GL_RGB10_A2' 'I' @2004  32857 (8059)
 - public static final 'GL_RGBA12' 'I' @2008  32858 (805a)
 - public static final 'GL_RGBA16' 'I' @2012  32859 (805b)
 - public static final 'GL_TEXTURE_RED_SIZE' 'I' @2016  32860 (805c)
 - public static final 'GL_TEXTURE_GREEN_SIZE' 'I' @2020  32861 (805d)
 - public static final 'GL_TEXTURE_BLUE_SIZE' 'I' @2024  32862 (805e)
 - public static final 'GL_TEXTURE_ALPHA_SIZE' 'I' @2028  32863 (805f)
 - public static final 'GL_TEXTURE_LUMINANCE_SIZE' 'I' @2032  32864 (8060)
 - public static final 'GL_TEXTURE_INTENSITY_SIZE' 'I' @2036  32865 (8061)
 - public static final 'GL_PROXY_TEXTURE_1D' 'I' @2040  32867 (8063)
 - public static final 'GL_PROXY_TEXTURE_2D' 'I' @2044  32868 (8064)
 - public static final 'GL_TEXTURE_PRIORITY' 'I' @2048  32870 (8066)
 - public static final 'GL_TEXTURE_RESIDENT' 'I' @2052  32871 (8067)
 - public static final 'GL_TEXTURE_BINDING_1D' 'I' @2056  32872 (8068)
 - public static final 'GL_TEXTURE_BINDING_2D' 'I' @2060  32873 (8069)
 - public static final 'GL_VERTEX_ARRAY' 'I' @2064  32884 (8074)
 - public static final 'GL_NORMAL_ARRAY' 'I' @2068  32885 (8075)
 - public static final 'GL_COLOR_ARRAY' 'I' @2072  32886 (8076)
 - public static final 'GL_INDEX_ARRAY' 'I' @2076  32887 (8077)
 - public static final 'GL_TEXTURE_COORD_ARRAY' 'I' @2080  32888 (8078)
 - public static final 'GL_EDGE_FLAG_ARRAY' 'I' @2084  32889 (8079)
 - public static final 'GL_VERTEX_ARRAY_SIZE' 'I' @2088  32890 (807a)
 - public static final 'GL_VERTEX_ARRAY_TYPE' 'I' @2092  32891 (807b)
 - public static final 'GL_VERTEX_ARRAY_STRIDE' 'I' @2096  32892 (807c)
 - public static final 'GL_NORMAL_ARRAY_TYPE' 'I' @2100  32894 (807e)
 - public static final 'GL_NORMAL_ARRAY_STRIDE' 'I' @2104  32895 (807f)
 - public static final 'GL_COLOR_ARRAY_SIZE' 'I' @2108  32897 (8081)
 - public static final 'GL_COLOR_ARRAY_TYPE' 'I' @2112  32898 (8082)
 - public static final 'GL_COLOR_ARRAY_STRIDE' 'I' @2116  32899 (8083)
 - public static final 'GL_INDEX_ARRAY_TYPE' 'I' @2120  32901 (8085)
 - public static final 'GL_INDEX_ARRAY_STRIDE' 'I' @2124  32902 (8086)
 - public static final 'GL_TEXTURE_COORD_ARRAY_SIZE' 'I' @2128  32904 (8088)
 - public static final 'GL_TEXTURE_COORD_ARRAY_TYPE' 'I' @2132  32905 (8089)
 - public static final 'GL_TEXTURE_COORD_ARRAY_STRIDE' 'I' @2136  32906 (808a)
 - public static final 'GL_EDGE_FLAG_ARRAY_STRIDE' 'I' @2140  32908 (808c)
 - public static final 'GL_VERTEX_ARRAY_POINTER' 'I' @2144  32910 (808e)
 - public static final 'GL_NORMAL_ARRAY_POINTER' 'I' @2148  32911 (808f)
 - public static final 'GL_COLOR_ARRAY_POINTER' 'I' @2152  32912 (8090)
 - public static final 'GL_INDEX_ARRAY_POINTER' 'I' @2156  32913 (8091)
 - public static final 'GL_TEXTURE_COORD_ARRAY_POINTER' 'I' @2160  32914 (8092)
 - public static final 'GL_EDGE_FLAG_ARRAY_POINTER' 'I' @2164  32915 (8093)
 - public static final 'GL_V2F' 'I' @2168  10784 (2a20)
 - public static final 'GL_V3F' 'I' @2172  10785 (2a21)
 - public static final 'GL_C4UB_V2F' 'I' @2176  10786 (2a22)
 - public static final 'GL_C4UB_V3F' 'I' @2180  10787 (2a23)
 - public static final 'GL_C3F_V3F' 'I' @2184  10788 (2a24)
 - public static final 'GL_N3F_V3F' 'I' @2188  10789 (2a25)
 - public static final 'GL_C4F_N3F_V3F' 'I' @2192  10790 (2a26)
 - public static final 'GL_T2F_V3F' 'I' @2196  10791 (2a27)
 - public static final 'GL_T4F_V4F' 'I' @2200  10792 (2a28)
 - public static final 'GL_T2F_C4UB_V3F' 'I' @2204  10793 (2a29)
 - public static final 'GL_T2F_C3F_V3F' 'I' @2208  10794 (2a2a)
 - public static final 'GL_T2F_N3F_V3F' 'I' @2212  10795 (2a2b)
 - public static final 'GL_T2F_C4F_N3F_V3F' 'I' @2216  10796 (2a2c)
 - public static final 'GL_T4F_C4F_N3F_V4F' 'I' @2220  10797 (2a2d)
R12=0x0 is NULL
R13=0x000002c40042fa08 is pointing into metadata
R14=0x000000f8f1bfeaa8 is pointing into the stack for thread: 0x000002c400b478d0
R15=0x000002c400b478d0 is a thread


Registers:
RAX=0x000002c400e0ca90, RBX=0x000002c40042fa10, RCX=0x0000000000000000, RDX=0x0000000000000000
RSP=0x000000f8f1bfea08, RBP=0x000000f8f1bfea88, RSI=0x0000000000000000, RDI=0x000002c459c2a42c
R8 =0x0000000000000000, R9 =0x0000000000000006, R10=0x000002c459c31337, R11=0x00000006232c10c0
R12=0x0000000000000000, R13=0x000002c40042fa08, R14=0x000000f8f1bfeaa8, R15=0x000002c400b478d0
RIP=0x00007ffd373ea14a, EFLAGS=0x0000000000010283

Top of Stack: (sp=0x000000f8f1bfea08)
0x000000f8f1bfea08:   000002c459c31366 000002c40042fa10
0x000000f8f1bfea18:   0000000000000000 000002c40041a7b0
0x000000f8f1bfea28:   0000000000000000 000002c400b478d0
0x000000f8f1bfea38:   000002c459c30c76 000000f8f1bfea40
0x000000f8f1bfea48:   000002c40042fa08 000000f8f1bfeaa8
0x000000f8f1bfea58:   000002c40045a438 0000000000000000
0x000000f8f1bfea68:   00000006232c10c0 000002c40042fa10
0x000000f8f1bfea78:   0000000000000000 000000f8f1bfeaa8
0x000000f8f1bfea88:   000000f8f1bfeaf8 000002c459c29efa
0x000000f8f1bfea98:   00000006232c10c0 000002c459c2d4f8
0x000000f8f1bfeaa8:   0000000000000000 000000f8f1bfeab0
0x000000f8f1bfeab8:   000002c400423f05 000000f8f1bfeb28
0x000000f8f1bfeac8:   000002c400424158 0000000000000000
0x000000f8f1bfead8:   0000000623275728 000002c400423fa0
0x000000f8f1bfeae8:   000000f8f1bfeaa8 000000f8f1bfeb28
0x000000f8f1bfeaf8:   000000f8f1bfeb78 000002c459c29efa 

Instructions: (pc=0x00007ffd373ea14a)
0x00007ffd373ea04a:   00 00 cc cc cc cc 48 8b 01 45 8b d0 44 8b 44 24
0x00007ffd373ea05a:   28 49 8b d1 48 8b 48 18 48 8b 81 e0 3a 00 00 41
0x00007ffd373ea06a:   8b ca 48 ff e0 cc 48 8b 01 49 8b d1 48 8b 48 18
0x00007ffd373ea07a:   48 8b 81 e8 3a 00 00 41 8b c8 48 ff e0 cc cc cc
0x00007ffd373ea08a:   cc cc cc cc cc cc 48 8b 01 45 8b d8 4c 8b 44 24
0x00007ffd373ea09a:   28 41 8b d1 41 8b cb 4c 8b 50 18 49 ff a2 f0 3a
0x00007ffd373ea0aa:   00 00 cc cc cc cc 48 8b 01 45 8b d0 44 8b 44 24
0x00007ffd373ea0ba:   28 49 8b d1 48 8b 48 18 48 8b 81 f8 3a 00 00 41
0x00007ffd373ea0ca:   8b ca 48 ff e0 cc 48 8b 01 0f 28 cb 41 8b c8 48
0x00007ffd373ea0da:   8b 50 18 48 ff 62 10 cc cc cc cc cc cc cc cc cc
0x00007ffd373ea0ea:   cc cc cc cc cc cc 48 8b 01 0f 28 cb 41 8b c8 48
0x00007ffd373ea0fa:   8b 50 18 48 ff 62 18 cc cc cc cc cc cc cc cc cc
0x00007ffd373ea10a:   cc cc cc cc cc cc 48 8b 01 45 8b d0 4c 8b 44 24
0x00007ffd373ea11a:   28 49 8b d1 48 8b 48 18 48 8b 41 20 41 8b ca 48
0x00007ffd373ea12a:   ff e0 cc cc cc cc 48 8b 01 41 8b c8 48 8b 50 18
0x00007ffd373ea13a:   48 ff 62 28 cc cc 48 8b 01 41 8b c8 48 8b 50 18
0x00007ffd373ea14a:   48 ff 62 30 cc cc 48 8b 01 41 8b d1 f3 0f 10 44
0x00007ffd373ea15a:   24 40 41 8b c8 f3 0f 10 4c 24 38 f3 0f 10 5c 24
0x00007ffd373ea16a:   30 4c 8b 50 18 48 8b 44 24 48 f3 0f 10 54 24 28
0x00007ffd373ea17a:   48 89 44 24 38 f3 0f 11 44 24 30 f3 0f 11 4c 24
0x00007ffd373ea18a:   28 49 ff 62 40 cc 48 8b 01 41 8b c8 48 8b 50 18
0x00007ffd373ea19a:   48 ff 62 50 cc cc 48 8b 01 45 8b d8 4c 8b 44 24
0x00007ffd373ea1aa:   28 41 8b d1 41 8b cb 4c 8b 50 18 49 ff 62 58 cc
0x00007ffd373ea1ba:   cc cc cc cc cc cc 48 8b 01 0f 28 cb f3 0f 10 5c
0x00007ffd373ea1ca:   24 30 0f 28 c2 f3 0f 10 54 24 28 48 8b 48 18 48
0x00007ffd373ea1da:   ff 61 68 cc cc cc 48 8b 01 0f 28 c2 48 8b 48 18
0x00007ffd373ea1ea:   48 ff a1 80 00 00 00 cc cc cc cc cc cc cc cc cc
0x00007ffd373ea1fa:   cc cc cc cc cc cc 48 8b 01 49 8b d1 41 8b c8 4c
0x00007ffd373ea20a:   8b 50 18 49 ff a2 90 00 00 00 cc cc cc cc cc cc
0x00007ffd373ea21a:   cc cc cc cc cc cc 48 8b 01 45 0f b6 d8 44 0f b6
0x00007ffd373ea22a:   44 24 28 41 0f b6 d1 41 0f b6 cb 4c 8b 50 18 49
0x00007ffd373ea23a:   ff a2 98 00 00 00 48 8b 01 45 0f b7 d8 44 0f b7 


Stack slot to memory mapping:
stack at sp + 0 slots: 0x000002c459c31366 is at code_begin+1958 in an Interpreter codelet
method entry point (kind = native)  [0x000002c459c30bc0, 0x000002c459c31ce0]  4384 bytes
stack at sp + 1 slots: {method} {0x000002c40042fa18} 'glBegin' '(I)V' in 'org/lwjgl/opengl/GL11'
stack at sp + 2 slots: 0x0 is NULL
stack at sp + 3 slots: {method} {0x000002c40041a7b8} 'getPixelWidth' '()I' in 'Camera'
stack at sp + 4 slots: 0x0 is NULL
stack at sp + 5 slots: 0x000002c400b478d0 is a thread
stack at sp + 6 slots: 0x000002c459c30c76 is at code_begin+182 in an Interpreter codelet
method entry point (kind = native)  [0x000002c459c30bc0, 0x000002c459c31ce0]  4384 bytes
stack at sp + 7 slots: 0x000000f8f1bfea40 is pointing into the stack for thread: 0x000002c400b478d0


---------------  P R O C E S S  ---------------

Threads class SMR info:
_java_thread_list=0x000002c400de2d60, length=22, elements={
0x000002c47f046830, 0x000002c47f049aa0, 0x000002c47f05a4a0, 0x000002c47f05af60,
0x000002c47f05ffe0, 0x000002c47f0618b0, 0x000002c47f062cf0, 0x000002c47f06efd0,
0x000002c47f063d90, 0x000002c47fbc5aa0, 0x000002c47fbdd330, 0x000002c47fbdfb30,
0x000002c47fbe2300, 0x000002c47fbf2430, 0x000002c400b453c0, 0x000002c400b47da0,
0x000002c400b7c130, 0x000002c4509615d0, 0x000002c400b478d0, 0x000002c47fb6e8b0,
0x000002c47fb6edc0, 0x000002c47fb704d0
}

Java Threads: ( => current thread )
  0x000002c47f046830 JavaThread "Reference Handler" daemon [_thread_blocked, id=18612, stack(0x000000f8f1200000,0x000000f8f1300000)]
  0x000002c47f049aa0 JavaThread "Finalizer" daemon [_thread_blocked, id=18616, stack(0x000000f8f1300000,0x000000f8f1400000)]
  0x000002c47f05a4a0 JavaThread "Signal Dispatcher" daemon [_thread_blocked, id=18620, stack(0x000000f8f1400000,0x000000f8f1500000)]
  0x000002c47f05af60 JavaThread "Attach Listener" daemon [_thread_blocked, id=18624, stack(0x000000f8f1500000,0x000000f8f1600000)]
  0x000002c47f05ffe0 JavaThread "Service Thread" daemon [_thread_blocked, id=18628, stack(0x000000f8f1600000,0x000000f8f1700000)]
  0x000002c47f0618b0 JavaThread "Monitor Deflation Thread" daemon [_thread_blocked, id=18632, stack(0x000000f8f1700000,0x000000f8f1800000)]
  0x000002c47f062cf0 JavaThread "C2 CompilerThread0" daemon [_thread_blocked, id=18636, stack(0x000000f8f1800000,0x000000f8f1900000)]
  0x000002c47f06efd0 JavaThread "C1 CompilerThread0" daemon [_thread_blocked, id=18640, stack(0x000000f8f1900000,0x000000f8f1a00000)]
  0x000002c47f063d90 JavaThread "Sweeper thread" daemon [_thread_blocked, id=18644, stack(0x000000f8f1a00000,0x000000f8f1b00000)]
  0x000002c47fbc5aa0 JavaThread "JDWP Transport Listener: dt_shmem" daemon [_thread_blocked, id=18880, stack(0x000000f8f1c00000,0x000000f8f1d00000)]
  0x000002c47fbdd330 JavaThread "JDWP Event Helper Thread" daemon [_thread_blocked, id=18884, stack(0x000000f8f1d00000,0x000000f8f1e00000)]
  0x000002c47fbdfb30 JavaThread "JDWP Command Reader" daemon [_thread_in_native, id=18888, stack(0x000000f8f1e00000,0x000000f8f1f00000)]
  0x000002c47fbe2300 JavaThread "Notification Thread" daemon [_thread_blocked, id=18928, stack(0x000000f8f1f00000,0x000000f8f2000000)]
  0x000002c47fbf2430 JavaThread "Common-Cleaner" daemon [_thread_blocked, id=18952, stack(0x000000f8f2100000,0x000000f8f2200000)]
  0x000002c400b453c0 JavaThread "Java2D Disposer" daemon [_thread_blocked, id=19348, stack(0x000000f8f2300000,0x000000f8f2400000)]
  0x000002c400b47da0 JavaThread "AWT-Windows" daemon [_thread_in_native, id=19356, stack(0x000000f8f2500000,0x000000f8f2600000)]
  0x000002c400b7c130 JavaThread "BlueJ worker thread" [_thread_blocked, id=19364, stack(0x000000f8f2700000,0x000000f8f2800000)]
  0x000002c4509615d0 JavaThread "DestroyJavaVM" [_thread_blocked, id=18572, stack(0x000000f8f0b00000,0x000000f8f0c00000)]
=>0x000002c400b478d0 JavaThread "main" [_thread_in_native, id=20384, stack(0x000000f8f1b00000,0x000000f8f1c00000)]
  0x000002c47fb6e8b0 JavaThread "C1 CompilerThread1" daemon [_thread_blocked, id=20428, stack(0x000000f8f2200000,0x000000f8f2300000)]
  0x000002c47fb6edc0 JavaThread "C1 CompilerThread2" daemon [_thread_blocked, id=20432, stack(0x000000f8f2400000,0x000000f8f2500000)]
  0x000002c47fb704d0 JavaThread "C1 CompilerThread3" daemon [_thread_blocked, id=20436, stack(0x000000f8f2600000,0x000000f8f2700000)]

Other Threads:
  0x000002c47f0422f0 VMThread "VM Thread" [stack: 0x000000f8f1100000,0x000000f8f1200000] [id=18608]
  0x000002c47fbe27d0 WatcherThread [stack: 0x000000f8f2000000,0x000000f8f2100000] [id=18932]
  0x000002c450a0f7b0 GCTaskThread "GC Thread#0" [stack: 0x000000f8f0c00000,0x000000f8f0d00000] [id=18580]
  0x000002c450a20400 ConcurrentGCThread "G1 Main Marker" [stack: 0x000000f8f0d00000,0x000000f8f0e00000] [id=18584]
  0x000002c450a20d20 ConcurrentGCThread "G1 Conc#0" [stack: 0x000000f8f0e00000,0x000000f8f0f00000] [id=18588]
  0x000002c47ef7f440 ConcurrentGCThread "G1 Refine#0" [stack: 0x000000f8f0f00000,0x000000f8f1000000] [id=18596]
  0x000002c47ef7fd70 ConcurrentGCThread "G1 Service" [stack: 0x000000f8f1000000,0x000000f8f1100000] [id=18600]

Threads with active compile tasks:

VM state: not at safepoint (normal execution)

VM Mutex/Monitor currently owned by a thread: None

Heap address: 0x0000000604000000, size: 8128 MB, Compressed Oops mode: Zero based, Oop shift amount: 3

CDS archive(s) mapped at: [0x0000000800000000-0x0000000800bc0000-0x0000000800bc0000), size 12320768, SharedBaseAddress: 0x0000000800000000, ArchiveRelocationMode: 0.
Compressed class space mapped at: 0x0000000800c00000-0x0000000840c00000, reserved size: 1073741824
Narrow klass base: 0x0000000800000000, Narrow klass shift: 0, Narrow klass range: 0x100000000

GC Precious Log:
 CPUs: 16 total, 16 available
 Memory: 32505M
 Large Page Support: Disabled
 NUMA Support: Disabled
 Compressed Oops: Enabled (Zero based)
 Heap Region Size: 4M
 Heap Min Capacity: 8M
 Heap Initial Capacity: 508M
 Heap Max Capacity: 8128M
 Pre-touch: Disabled
 Parallel Workers: 13
 Concurrent Workers: 3
 Concurrent Refinement Workers: 13
 Periodic GC: Disabled

Heap:
 garbage-first heap   total 520192K, used 12288K [0x0000000604000000, 0x0000000800000000)
  region size 4096K, 4 young (16384K), 0 survivors (0K)
 Metaspace       used 3780K, committed 3968K, reserved 1056768K
  class space    used 323K, committed 384K, reserved 1048576K

Heap Regions: E=young(eden), S=young(survivor), O=old, HS=humongous(starts), HC=humongous(continues), CS=collection set, F=free, OA=open archive, CA=closed archive, TAMS=top-at-mark-start (previous, next)
|   0|0x0000000604000000, 0x0000000604000000, 0x0000000604400000|  0%| F|  |TAMS 0x0000000604000000, 0x0000000604000000| Untracked 
|   1|0x0000000604400000, 0x0000000604400000, 0x0000000604800000|  0%| F|  |TAMS 0x0000000604400000, 0x0000000604400000| Untracked 
|   2|0x0000000604800000, 0x0000000604800000, 0x0000000604c00000|  0%| F|  |TAMS 0x0000000604800000, 0x0000000604800000| Untracked 
|   3|0x0000000604c00000, 0x0000000604c00000, 0x0000000605000000|  0%| F|  |TAMS 0x0000000604c00000, 0x0000000604c00000| Untracked 
|   4|0x0000000605000000, 0x0000000605000000, 0x0000000605400000|  0%| F|  |TAMS 0x0000000605000000, 0x0000000605000000| Untracked 
|   5|0x0000000605400000, 0x0000000605400000, 0x0000000605800000|  0%| F|  |TAMS 0x0000000605400000, 0x0000000605400000| Untracked 
|   6|0x0000000605800000, 0x0000000605800000, 0x0000000605c00000|  0%| F|  |TAMS 0x0000000605800000, 0x0000000605800000| Untracked 
|   7|0x0000000605c00000, 0x0000000605c00000, 0x0000000606000000|  0%| F|  |TAMS 0x0000000605c00000, 0x0000000605c00000| Untracked 
|   8|0x0000000606000000, 0x0000000606000000, 0x0000000606400000|  0%| F|  |TAMS 0x0000000606000000, 0x0000000606000000| Untracked 
|   9|0x0000000606400000, 0x0000000606400000, 0x0000000606800000|  0%| F|  |TAMS 0x0000000606400000, 0x0000000606400000| Untracked 
|  10|0x0000000606800000, 0x0000000606800000, 0x0000000606c00000|  0%| F|  |TAMS 0x0000000606800000, 0x0000000606800000| Untracked 
|  11|0x0000000606c00000, 0x0000000606c00000, 0x0000000607000000|  0%| F|  |TAMS 0x0000000606c00000, 0x0000000606c00000| Untracked 
|  12|0x0000000607000000, 0x0000000607000000, 0x0000000607400000|  0%| F|  |TAMS 0x0000000607000000, 0x0000000607000000| Untracked 
|  13|0x0000000607400000, 0x0000000607400000, 0x0000000607800000|  0%| F|  |TAMS 0x0000000607400000, 0x0000000607400000| Untracked 
|  14|0x0000000607800000, 0x0000000607800000, 0x0000000607c00000|  0%| F|  |TAMS 0x0000000607800000, 0x0000000607800000| Untracked 
|  15|0x0000000607c00000, 0x0000000607c00000, 0x0000000608000000|  0%| F|  |TAMS 0x0000000607c00000, 0x0000000607c00000| Untracked 
|  16|0x0000000608000000, 0x0000000608000000, 0x0000000608400000|  0%| F|  |TAMS 0x0000000608000000, 0x0000000608000000| Untracked 
|  17|0x0000000608400000, 0x0000000608400000, 0x0000000608800000|  0%| F|  |TAMS 0x0000000608400000, 0x0000000608400000| Untracked 
|  18|0x0000000608800000, 0x0000000608800000, 0x0000000608c00000|  0%| F|  |TAMS 0x0000000608800000, 0x0000000608800000| Untracked 
|  19|0x0000000608c00000, 0x0000000608c00000, 0x0000000609000000|  0%| F|  |TAMS 0x0000000608c00000, 0x0000000608c00000| Untracked 
|  20|0x0000000609000000, 0x0000000609000000, 0x0000000609400000|  0%| F|  |TAMS 0x0000000609000000, 0x0000000609000000| Untracked 
|  21|0x0000000609400000, 0x0000000609400000, 0x0000000609800000|  0%| F|  |TAMS 0x0000000609400000, 0x0000000609400000| Untracked 
|  22|0x0000000609800000, 0x0000000609800000, 0x0000000609c00000|  0%| F|  |TAMS 0x0000000609800000, 0x0000000609800000| Untracked 
|  23|0x0000000609c00000, 0x0000000609c00000, 0x000000060a000000|  0%| F|  |TAMS 0x0000000609c00000, 0x0000000609c00000| Untracked 
|  24|0x000000060a000000, 0x000000060a000000, 0x000000060a400000|  0%| F|  |TAMS 0x000000060a000000, 0x000000060a000000| Untracked 
|  25|0x000000060a400000, 0x000000060a400000, 0x000000060a800000|  0%| F|  |TAMS 0x000000060a400000, 0x000000060a400000| Untracked 
|  26|0x000000060a800000, 0x000000060a800000, 0x000000060ac00000|  0%| F|  |TAMS 0x000000060a800000, 0x000000060a800000| Untracked 
|  27|0x000000060ac00000, 0x000000060ac00000, 0x000000060b000000|  0%| F|  |TAMS 0x000000060ac00000, 0x000000060ac00000| Untracked 
|  28|0x000000060b000000, 0x000000060b000000, 0x000000060b400000|  0%| F|  |TAMS 0x000000060b000000, 0x000000060b000000| Untracked 
|  29|0x000000060b400000, 0x000000060b400000, 0x000000060b800000|  0%| F|  |TAMS 0x000000060b400000, 0x000000060b400000| Untracked 
|  30|0x000000060b800000, 0x000000060b800000, 0x000000060bc00000|  0%| F|  |TAMS 0x000000060b800000, 0x000000060b800000| Untracked 
|  31|0x000000060bc00000, 0x000000060bc00000, 0x000000060c000000|  0%| F|  |TAMS 0x000000060bc00000, 0x000000060bc00000| Untracked 
|  32|0x000000060c000000, 0x000000060c000000, 0x000000060c400000|  0%| F|  |TAMS 0x000000060c000000, 0x000000060c000000| Untracked 
|  33|0x000000060c400000, 0x000000060c400000, 0x000000060c800000|  0%| F|  |TAMS 0x000000060c400000, 0x000000060c400000| Untracked 
|  34|0x000000060c800000, 0x000000060c800000, 0x000000060cc00000|  0%| F|  |TAMS 0x000000060c800000, 0x000000060c800000| Untracked 
|  35|0x000000060cc00000, 0x000000060cc00000, 0x000000060d000000|  0%| F|  |TAMS 0x000000060cc00000, 0x000000060cc00000| Untracked 
|  36|0x000000060d000000, 0x000000060d000000, 0x000000060d400000|  0%| F|  |TAMS 0x000000060d000000, 0x000000060d000000| Untracked 
|  37|0x000000060d400000, 0x000000060d400000, 0x000000060d800000|  0%| F|  |TAMS 0x000000060d400000, 0x000000060d400000| Untracked 
|  38|0x000000060d800000, 0x000000060d800000, 0x000000060dc00000|  0%| F|  |TAMS 0x000000060d800000, 0x000000060d800000| Untracked 
|  39|0x000000060dc00000, 0x000000060dc00000, 0x000000060e000000|  0%| F|  |TAMS 0x000000060dc00000, 0x000000060dc00000| Untracked 
|  40|0x000000060e000000, 0x000000060e000000, 0x000000060e400000|  0%| F|  |TAMS 0x000000060e000000, 0x000000060e000000| Untracked 
|  41|0x000000060e400000, 0x000000060e400000, 0x000000060e800000|  0%| F|  |TAMS 0x000000060e400000, 0x000000060e400000| Untracked 
|  42|0x000000060e800000, 0x000000060e800000, 0x000000060ec00000|  0%| F|  |TAMS 0x000000060e800000, 0x000000060e800000| Untracked 
|  43|0x000000060ec00000, 0x000000060ec00000, 0x000000060f000000|  0%| F|  |TAMS 0x000000060ec00000, 0x000000060ec00000| Untracked 
|  44|0x000000060f000000, 0x000000060f000000, 0x000000060f400000|  0%| F|  |TAMS 0x000000060f000000, 0x000000060f000000| Untracked 
|  45|0x000000060f400000, 0x000000060f400000, 0x000000060f800000|  0%| F|  |TAMS 0x000000060f400000, 0x000000060f400000| Untracked 
|  46|0x000000060f800000, 0x000000060f800000, 0x000000060fc00000|  0%| F|  |TAMS 0x000000060f800000, 0x000000060f800000| Untracked 
|  47|0x000000060fc00000, 0x000000060fc00000, 0x0000000610000000|  0%| F|  |TAMS 0x000000060fc00000, 0x000000060fc00000| Untracked 
|  48|0x0000000610000000, 0x0000000610000000, 0x0000000610400000|  0%| F|  |TAMS 0x0000000610000000, 0x0000000610000000| Untracked 
|  49|0x0000000610400000, 0x0000000610400000, 0x0000000610800000|  0%| F|  |TAMS 0x0000000610400000, 0x0000000610400000| Untracked 
|  50|0x0000000610800000, 0x0000000610800000, 0x0000000610c00000|  0%| F|  |TAMS 0x0000000610800000, 0x0000000610800000| Untracked 
|  51|0x0000000610c00000, 0x0000000610c00000, 0x0000000611000000|  0%| F|  |TAMS 0x0000000610c00000, 0x0000000610c00000| Untracked 
|  52|0x0000000611000000, 0x0000000611000000, 0x0000000611400000|  0%| F|  |TAMS 0x0000000611000000, 0x0000000611000000| Untracked 
|  53|0x0000000611400000, 0x0000000611400000, 0x0000000611800000|  0%| F|  |TAMS 0x0000000611400000, 0x0000000611400000| Untracked 
|  54|0x0000000611800000, 0x0000000611800000, 0x0000000611c00000|  0%| F|  |TAMS 0x0000000611800000, 0x0000000611800000| Untracked 
|  55|0x0000000611c00000, 0x0000000611c00000, 0x0000000612000000|  0%| F|  |TAMS 0x0000000611c00000, 0x0000000611c00000| Untracked 
|  56|0x0000000612000000, 0x0000000612000000, 0x0000000612400000|  0%| F|  |TAMS 0x0000000612000000, 0x0000000612000000| Untracked 
|  57|0x0000000612400000, 0x0000000612400000, 0x0000000612800000|  0%| F|  |TAMS 0x0000000612400000, 0x0000000612400000| Untracked 
|  58|0x0000000612800000, 0x0000000612800000, 0x0000000612c00000|  0%| F|  |TAMS 0x0000000612800000, 0x0000000612800000| Untracked 
|  59|0x0000000612c00000, 0x0000000612c00000, 0x0000000613000000|  0%| F|  |TAMS 0x0000000612c00000, 0x0000000612c00000| Untracked 
|  60|0x0000000613000000, 0x0000000613000000, 0x0000000613400000|  0%| F|  |TAMS 0x0000000613000000, 0x0000000613000000| Untracked 
|  61|0x0000000613400000, 0x0000000613400000, 0x0000000613800000|  0%| F|  |TAMS 0x0000000613400000, 0x0000000613400000| Untracked 
|  62|0x0000000613800000, 0x0000000613800000, 0x0000000613c00000|  0%| F|  |TAMS 0x0000000613800000, 0x0000000613800000| Untracked 
|  63|0x0000000613c00000, 0x0000000613c00000, 0x0000000614000000|  0%| F|  |TAMS 0x0000000613c00000, 0x0000000613c00000| Untracked 
|  64|0x0000000614000000, 0x0000000614000000, 0x0000000614400000|  0%| F|  |TAMS 0x0000000614000000, 0x0000000614000000| Untracked 
|  65|0x0000000614400000, 0x0000000614400000, 0x0000000614800000|  0%| F|  |TAMS 0x0000000614400000, 0x0000000614400000| Untracked 
|  66|0x0000000614800000, 0x0000000614800000, 0x0000000614c00000|  0%| F|  |TAMS 0x0000000614800000, 0x0000000614800000| Untracked 
|  67|0x0000000614c00000, 0x0000000614c00000, 0x0000000615000000|  0%| F|  |TAMS 0x0000000614c00000, 0x0000000614c00000| Untracked 
|  68|0x0000000615000000, 0x0000000615000000, 0x0000000615400000|  0%| F|  |TAMS 0x0000000615000000, 0x0000000615000000| Untracked 
|  69|0x0000000615400000, 0x0000000615400000, 0x0000000615800000|  0%| F|  |TAMS 0x0000000615400000, 0x0000000615400000| Untracked 
|  70|0x0000000615800000, 0x0000000615800000, 0x0000000615c00000|  0%| F|  |TAMS 0x0000000615800000, 0x0000000615800000| Untracked 
|  71|0x0000000615c00000, 0x0000000615c00000, 0x0000000616000000|  0%| F|  |TAMS 0x0000000615c00000, 0x0000000615c00000| Untracked 
|  72|0x0000000616000000, 0x0000000616000000, 0x0000000616400000|  0%| F|  |TAMS 0x0000000616000000, 0x0000000616000000| Untracked 
|  73|0x0000000616400000, 0x0000000616400000, 0x0000000616800000|  0%| F|  |TAMS 0x0000000616400000, 0x0000000616400000| Untracked 
|  74|0x0000000616800000, 0x0000000616800000, 0x0000000616c00000|  0%| F|  |TAMS 0x0000000616800000, 0x0000000616800000| Untracked 
|  75|0x0000000616c00000, 0x0000000616c00000, 0x0000000617000000|  0%| F|  |TAMS 0x0000000616c00000, 0x0000000616c00000| Untracked 
|  76|0x0000000617000000, 0x0000000617000000, 0x0000000617400000|  0%| F|  |TAMS 0x0000000617000000, 0x0000000617000000| Untracked 
|  77|0x0000000617400000, 0x0000000617400000, 0x0000000617800000|  0%| F|  |TAMS 0x0000000617400000, 0x0000000617400000| Untracked 
|  78|0x0000000617800000, 0x0000000617800000, 0x0000000617c00000|  0%| F|  |TAMS 0x0000000617800000, 0x0000000617800000| Untracked 
|  79|0x0000000617c00000, 0x0000000617c00000, 0x0000000618000000|  0%| F|  |TAMS 0x0000000617c00000, 0x0000000617c00000| Untracked 
|  80|0x0000000618000000, 0x0000000618000000, 0x0000000618400000|  0%| F|  |TAMS 0x0000000618000000, 0x0000000618000000| Untracked 
|  81|0x0000000618400000, 0x0000000618400000, 0x0000000618800000|  0%| F|  |TAMS 0x0000000618400000, 0x0000000618400000| Untracked 
|  82|0x0000000618800000, 0x0000000618800000, 0x0000000618c00000|  0%| F|  |TAMS 0x0000000618800000, 0x0000000618800000| Untracked 
|  83|0x0000000618c00000, 0x0000000618c00000, 0x0000000619000000|  0%| F|  |TAMS 0x0000000618c00000, 0x0000000618c00000| Untracked 
|  84|0x0000000619000000, 0x0000000619000000, 0x0000000619400000|  0%| F|  |TAMS 0x0000000619000000, 0x0000000619000000| Untracked 
|  85|0x0000000619400000, 0x0000000619400000, 0x0000000619800000|  0%| F|  |TAMS 0x0000000619400000, 0x0000000619400000| Untracked 
|  86|0x0000000619800000, 0x0000000619800000, 0x0000000619c00000|  0%| F|  |TAMS 0x0000000619800000, 0x0000000619800000| Untracked 
|  87|0x0000000619c00000, 0x0000000619c00000, 0x000000061a000000|  0%| F|  |TAMS 0x0000000619c00000, 0x0000000619c00000| Untracked 
|  88|0x000000061a000000, 0x000000061a000000, 0x000000061a400000|  0%| F|  |TAMS 0x000000061a000000, 0x000000061a000000| Untracked 
|  89|0x000000061a400000, 0x000000061a400000, 0x000000061a800000|  0%| F|  |TAMS 0x000000061a400000, 0x000000061a400000| Untracked 
|  90|0x000000061a800000, 0x000000061a800000, 0x000000061ac00000|  0%| F|  |TAMS 0x000000061a800000, 0x000000061a800000| Untracked 
|  91|0x000000061ac00000, 0x000000061ac00000, 0x000000061b000000|  0%| F|  |TAMS 0x000000061ac00000, 0x000000061ac00000| Untracked 
|  92|0x000000061b000000, 0x000000061b000000, 0x000000061b400000|  0%| F|  |TAMS 0x000000061b000000, 0x000000061b000000| Untracked 
|  93|0x000000061b400000, 0x000000061b400000, 0x000000061b800000|  0%| F|  |TAMS 0x000000061b400000, 0x000000061b400000| Untracked 
|  94|0x000000061b800000, 0x000000061b800000, 0x000000061bc00000|  0%| F|  |TAMS 0x000000061b800000, 0x000000061b800000| Untracked 
|  95|0x000000061bc00000, 0x000000061bc00000, 0x000000061c000000|  0%| F|  |TAMS 0x000000061bc00000, 0x000000061bc00000| Untracked 
|  96|0x000000061c000000, 0x000000061c000000, 0x000000061c400000|  0%| F|  |TAMS 0x000000061c000000, 0x000000061c000000| Untracked 
|  97|0x000000061c400000, 0x000000061c400000, 0x000000061c800000|  0%| F|  |TAMS 0x000000061c400000, 0x000000061c400000| Untracked 
|  98|0x000000061c800000, 0x000000061c800000, 0x000000061cc00000|  0%| F|  |TAMS 0x000000061c800000, 0x000000061c800000| Untracked 
|  99|0x000000061cc00000, 0x000000061cc00000, 0x000000061d000000|  0%| F|  |TAMS 0x000000061cc00000, 0x000000061cc00000| Untracked 
| 100|0x000000061d000000, 0x000000061d000000, 0x000000061d400000|  0%| F|  |TAMS 0x000000061d000000, 0x000000061d000000| Untracked 
| 101|0x000000061d400000, 0x000000061d400000, 0x000000061d800000|  0%| F|  |TAMS 0x000000061d400000, 0x000000061d400000| Untracked 
| 102|0x000000061d800000, 0x000000061d800000, 0x000000061dc00000|  0%| F|  |TAMS 0x000000061d800000, 0x000000061d800000| Untracked 
| 103|0x000000061dc00000, 0x000000061dc00000, 0x000000061e000000|  0%| F|  |TAMS 0x000000061dc00000, 0x000000061dc00000| Untracked 
| 104|0x000000061e000000, 0x000000061e000000, 0x000000061e400000|  0%| F|  |TAMS 0x000000061e000000, 0x000000061e000000| Untracked 
| 105|0x000000061e400000, 0x000000061e400000, 0x000000061e800000|  0%| F|  |TAMS 0x000000061e400000, 0x000000061e400000| Untracked 
| 106|0x000000061e800000, 0x000000061e800000, 0x000000061ec00000|  0%| F|  |TAMS 0x000000061e800000, 0x000000061e800000| Untracked 
| 107|0x000000061ec00000, 0x000000061ec00000, 0x000000061f000000|  0%| F|  |TAMS 0x000000061ec00000, 0x000000061ec00000| Untracked 
| 108|0x000000061f000000, 0x000000061f000000, 0x000000061f400000|  0%| F|  |TAMS 0x000000061f000000, 0x000000061f000000| Untracked 
| 109|0x000000061f400000, 0x000000061f400000, 0x000000061f800000|  0%| F|  |TAMS 0x000000061f400000, 0x000000061f400000| Untracked 
| 110|0x000000061f800000, 0x000000061f800000, 0x000000061fc00000|  0%| F|  |TAMS 0x000000061f800000, 0x000000061f800000| Untracked 
| 111|0x000000061fc00000, 0x000000061fc00000, 0x0000000620000000|  0%| F|  |TAMS 0x000000061fc00000, 0x000000061fc00000| Untracked 
| 112|0x0000000620000000, 0x0000000620000000, 0x0000000620400000|  0%| F|  |TAMS 0x0000000620000000, 0x0000000620000000| Untracked 
| 113|0x0000000620400000, 0x0000000620400000, 0x0000000620800000|  0%| F|  |TAMS 0x0000000620400000, 0x0000000620400000| Untracked 
| 114|0x0000000620800000, 0x0000000620800000, 0x0000000620c00000|  0%| F|  |TAMS 0x0000000620800000, 0x0000000620800000| Untracked 
| 115|0x0000000620c00000, 0x0000000620c00000, 0x0000000621000000|  0%| F|  |TAMS 0x0000000620c00000, 0x0000000620c00000| Untracked 
| 116|0x0000000621000000, 0x0000000621000000, 0x0000000621400000|  0%| F|  |TAMS 0x0000000621000000, 0x0000000621000000| Untracked 
| 117|0x0000000621400000, 0x0000000621400000, 0x0000000621800000|  0%| F|  |TAMS 0x0000000621400000, 0x0000000621400000| Untracked 
| 118|0x0000000621800000, 0x0000000621800000, 0x0000000621c00000|  0%| F|  |TAMS 0x0000000621800000, 0x0000000621800000| Untracked 
| 119|0x0000000621c00000, 0x0000000621c00000, 0x0000000622000000|  0%| F|  |TAMS 0x0000000621c00000, 0x0000000621c00000| Untracked 
| 120|0x0000000622000000, 0x0000000622000000, 0x0000000622400000|  0%| F|  |TAMS 0x0000000622000000, 0x0000000622000000| Untracked 
| 121|0x0000000622400000, 0x0000000622400000, 0x0000000622800000|  0%| F|  |TAMS 0x0000000622400000, 0x0000000622400000| Untracked 
| 122|0x0000000622800000, 0x0000000622800000, 0x0000000622c00000|  0%| F|  |TAMS 0x0000000622800000, 0x0000000622800000| Untracked 
| 123|0x0000000622c00000, 0x0000000622d71310, 0x0000000623000000| 36%| E|  |TAMS 0x0000000622c00000, 0x0000000622c00000| Complete 
| 124|0x0000000623000000, 0x0000000623400000, 0x0000000623400000|100%| E|CS|TAMS 0x0000000623000000, 0x0000000623000000| Complete 
| 125|0x0000000623400000, 0x0000000623800000, 0x0000000623800000|100%| E|CS|TAMS 0x0000000623400000, 0x0000000623400000| Complete 
| 126|0x0000000623800000, 0x0000000623c00000, 0x0000000623c00000|100%| E|CS|TAMS 0x0000000623800000, 0x0000000623800000| Complete 

Card table byte_map: [0x000002c46abc0000,0x000002c46bba0000] _byte_map_base: 0x000002c467ba0000

Marking Bits (Prev, Next): (CMBitMap*) 0x000002c450a0fcd0, (CMBitMap*) 0x000002c450a0fd10
 Prev Bits: [0x000002c46cb80000, 0x000002c474a80000)
 Next Bits: [0x000002c474a80000, 0x000002c47c980000)

Polling page: 0x000002c450a30000

Metaspace:

Usage:
  Non-class:      3.38 MB used.
      Class:    323.04 KB used.
       Both:      3.69 MB used.

Virtual space:
  Non-class space:        8.00 MB reserved,       3.50 MB ( 44%) committed,  1 nodes.
      Class space:        1.00 GB reserved,     384.00 KB ( <1%) committed,  1 nodes.
             Both:        1.01 GB reserved,       3.88 MB ( <1%) committed. 

Chunk freelists:
   Non-Class:  3.16 MB
       Class:  3.63 MB
        Both:  6.79 MB

MaxMetaspaceSize: unlimited
CompressedClassSpaceSize: 1.00 GB
Initial GC threshold: 21.00 MB
Current GC threshold: 21.00 MB
CDS: on
MetaspaceReclaimPolicy: balanced
 - commit_granule_bytes: 65536.
 - commit_granule_words: 8192.
 - virtual_space_node_default_size: 1048576.
 - enlarge_chunks_in_place: 1.
 - new_chunks_are_fully_committed: 0.
 - uncommit_free_chunks: 1.
 - use_allocation_guard: 0.
 - handle_deallocations: 1.


Internal statistics:

num_allocs_failed_limit: 0.
num_arena_births: 114.
num_arena_deaths: 0.
num_vsnodes_births: 2.
num_vsnodes_deaths: 0.
num_space_committed: 62.
num_space_uncommitted: 0.
num_chunks_returned_to_freelist: 0.
num_chunks_taken_from_freelist: 176.
num_chunk_merges: 0.
num_chunk_splits: 110.
num_chunks_enlarged: 62.
num_purges: 0.
num_inconsistent_stats: 0.

CodeHeap 'non-profiled nmethods': size=119168Kb used=215Kb max_used=215Kb free=118952Kb
 bounds [0x000002c4617c0000, 0x000002c461a30000, 0x000002c468c20000]
CodeHeap 'profiled nmethods': size=119104Kb used=1256Kb max_used=1256Kb free=117847Kb
 bounds [0x000002c45a370000, 0x000002c45a5e0000, 0x000002c4617c0000]
CodeHeap 'non-nmethods': size=7488Kb used=2969Kb max_used=2983Kb free=4518Kb
 bounds [0x000002c459c20000, 0x000002c459f90000, 0x000002c45a370000]
 total_blobs=1273 nmethods=764 adapters=419
 compilation: enabled
              stopped_count=0, restarted_count=0
 full_count=0

Compilation events (20 events):
Event: 7.270 Thread 0x000002c47f06efd0  750       3       java.lang.ref.SoftReference::get (29 bytes)
Event: 7.270 Thread 0x000002c47f06efd0 nmethod 750 0x000002c45a4a5e90 code [0x000002c45a4a6020, 0x000002c45a4a61f8]
Event: 7.272 Thread 0x000002c47fb704d0  751       1       java.security.CodeSource::getLocation (5 bytes)
Event: 7.272 Thread 0x000002c47fb704d0 nmethod 751 0x000002c4617f4710 code [0x000002c4617f48a0, 0x000002c4617f4978]
Event: 7.272 Thread 0x000002c47fb6edc0  752       3       java.util.regex.Pattern::peek (26 bytes)
Event: 7.272 Thread 0x000002c47fb6edc0 nmethod 752 0x000002c45a4a6290 code [0x000002c45a4a6440, 0x000002c45a4a66c8]
Event: 7.273 Thread 0x000002c47f06efd0  757       3       java.net.URLStreamHandler::setURL (73 bytes)
Event: 7.273 Thread 0x000002c47fb704d0  758   !   3       java.net.URL::set (114 bytes)
Event: 7.273 Thread 0x000002c47fb704d0 nmethod 758 0x000002c45a4a6810 code [0x000002c45a4a6a60, 0x000002c45a4a7658]
Event: 7.273 Thread 0x000002c47f06efd0 nmethod 757 0x000002c45a4a7a10 code [0x000002c45a4a7d00, 0x000002c45a4a8b58]
Event: 7.274 Thread 0x000002c47fb6edc0  759       3       java.util.zip.ZipUtils::LOCSIG (6 bytes)
Event: 7.274 Thread 0x000002c47fb6edc0 nmethod 759 0x000002c45a4a9110 code [0x000002c45a4a92c0, 0x000002c45a4a9598]
Event: 7.274 Thread 0x000002c47fb6edc0  761       3       java.lang.Integer::toUnsignedLong (7 bytes)
Event: 7.274 Thread 0x000002c47f06efd0  763       3       org.lwjgl.system.MemoryUtil::memPutAddress (29 bytes)
Event: 7.274 Thread 0x000002c47fb6e8b0  762       3       sun.misc.Unsafe::putLong (11 bytes)
Event: 7.274 Thread 0x000002c47fb6edc0 nmethod 761 0x000002c45a4a9710 code [0x000002c45a4a98a0, 0x000002c45a4a9998]
Event: 7.274 Thread 0x000002c47fb6e8b0 nmethod 762 0x000002c45a4a9a10 code [0x000002c45a4a9ba0, 0x000002c45a4a9cb8]
Event: 7.274 Thread 0x000002c47f06efd0 nmethod 763 0x000002c45a4a9d90 code [0x000002c45a4a9f40, 0x000002c45a4aa138]
Event: 7.274 Thread 0x000002c47f062cf0  764       4       java.lang.Integer::toUnsignedLong (7 bytes)
Event: 7.274 Thread 0x000002c47f062cf0 nmethod 764 0x000002c4617f5a10 code [0x000002c4617f5b80, 0x000002c4617f5bd8]

GC Heap History (0 events):
No events

Deoptimization events (12 events):
Event: 0.801 Thread 0x000002c4509615d0 DEOPT PACKING pc=0x000002c45a379aea sp=0x000000f8f0bfcb50
Event: 0.801 Thread 0x000002c4509615d0 DEOPT UNPACKING pc=0x000002c459c76763 sp=0x000000f8f0bfbf70 mode 0
Event: 0.867 Thread 0x000002c400b7c130 DEOPT PACKING pc=0x000002c45a377bd5 sp=0x000000f8f27ff0f0
Event: 0.867 Thread 0x000002c400b7c130 DEOPT UNPACKING pc=0x000002c459c76763 sp=0x000000f8f27fe568 mode 0
Event: 0.868 Thread 0x000002c400b7c130 DEOPT PACKING pc=0x000002c45a377bd5 sp=0x000000f8f27ff050
Event: 0.868 Thread 0x000002c400b7c130 DEOPT UNPACKING pc=0x000002c459c76763 sp=0x000000f8f27fe4c8 mode 0
Event: 7.242 Thread 0x000002c400b478d0 Uncommon trap: trap_request=0xffffff45 fr.pc=0x000002c4617dc968 relative=0x0000000000000068
Event: 7.242 Thread 0x000002c400b478d0 Uncommon trap: reason=unstable_if action=reinterpret pc=0x000002c4617dc968 method=java.io.WinNTFileSystem.isSlash(C)Z @ 9 c2
Event: 7.242 Thread 0x000002c400b478d0 DEOPT PACKING pc=0x000002c4617dc968 sp=0x000000f8f1bfbff0
Event: 7.242 Thread 0x000002c400b478d0 DEOPT UNPACKING pc=0x000002c459c75c23 sp=0x000000f8f1bfbf88 mode 2
Event: 7.251 Thread 0x000002c400b478d0 DEOPT PACKING pc=0x000002c45a455783 sp=0x000000f8f1bfbdf0
Event: 7.251 Thread 0x000002c400b478d0 DEOPT UNPACKING pc=0x000002c459c76763 sp=0x000000f8f1bfb250 mode 0

Classes unloaded (0 events):
No events

Classes redefined (0 events):
No events

Internal exceptions (20 events):
Event: 0.754 Thread 0x000002c4509615d0 Exception <a 'java/io/FileNotFoundException'{0x0000000623bba1d8}> (0x0000000623bba1d8) 
thrown [s\src\hotspot\share\prims\jni.cpp, line 516]
Event: 0.763 Thread 0x000002c4509615d0 Exception <a 'java/io/FileNotFoundException'{0x0000000623be7388}> (0x0000000623be7388) 
thrown [s\src\hotspot\share\prims\jni.cpp, line 516]
Event: 0.838 Thread 0x000002c4509615d0 Exception <a 'java/lang/NoSuchMethodError'{0x000000062368a5b0}: 'java.lang.Object java.lang.invoke.DirectMethodHandle$Holder.invokeStaticInit(java.lang.Object)'> (0x000000062368a5b0) 
thrown [s\src\hotspot\share\interpreter\linkResolver.cpp, line 759]
Event: 7.210 Thread 0x000002c400b478d0 Exception <a 'java/lang/NoSuchMethodError'{0x000000062322d6b0}: 'void java.lang.invoke.DirectMethodHandle$Holder.invokeStatic(java.lang.Object, java.lang.Object)'> (0x000000062322d6b0) 
thrown [s\src\hotspot\share\interpreter\linkResolver.cpp, line 759]
Event: 7.222 Thread 0x000002c400b478d0 Exception <a 'java/lang/NoSuchMethodError'{0x00000006232f1190}: 'void java.lang.invoke.DirectMethodHandle$Holder.invokeSpecial(java.lang.Object, java.lang.Object, java.lang.Object)'> (0x00000006232f1190) 
thrown [s\src\hotspot\share\interpreter\linkResolver.cpp, line 759]
Event: 7.224 Thread 0x000002c400b478d0 Exception <a 'java/lang/NoSuchMethodError'{0x0000000623302f80}: 'java.lang.Object java.lang.invoke.DirectMethodHandle$Holder.invokeStatic(java.lang.Object, java.lang.Object, int)'> (0x0000000623302f80) 
thrown [s\src\hotspot\share\interpreter\linkResolver.cpp, line 759]
Event: 7.225 Thread 0x000002c400b478d0 Exception <a 'java/lang/NoSuchMethodError'{0x000000062330ef58}: 'void java.lang.invoke.DelegatingMethodHandle$Holder.delegate(java.lang.Object, java.lang.Object, int, java.lang.Object)'> (0x000000062330ef58) 
thrown [s\src\hotspot\share\interpreter\linkResolver.cpp, line 759]
Event: 7.225 Thread 0x000002c400b478d0 Exception <a 'java/lang/NoSuchMethodError'{0x00000006233131f8}: 'int java.lang.invoke.DirectMethodHandle$Holder.invokeSpecial(java.lang.Object, java.lang.Object, java.lang.Object)'> (0x00000006233131f8) 
thrown [s\src\hotspot\share\interpreter\linkResolver.cpp, line 759]
Event: 7.247 Thread 0x000002c400b478d0 Exception <a 'sun/nio/fs/WindowsException'{0x00000006233b5f20}> (0x00000006233b5f20) 
thrown [s\src\hotspot\share\prims\jni.cpp, line 516]
Event: 7.247 Thread 0x000002c400b478d0 Exception <a 'sun/nio/fs/WindowsException'{0x00000006233b6470}> (0x00000006233b6470) 
thrown [s\src\hotspot\share\prims\jni.cpp, line 516]
Event: 7.255 Thread 0x000002c400b478d0 Exception <a 'sun/nio/fs/WindowsException'{0x0000000622c07dd8}> (0x0000000622c07dd8) 
thrown [s\src\hotspot\share\prims\jni.cpp, line 516]
Event: 7.255 Thread 0x000002c400b478d0 Exception <a 'sun/nio/fs/WindowsException'{0x0000000622c08178}> (0x0000000622c08178) 
thrown [s\src\hotspot\share\prims\jni.cpp, line 516]
Event: 7.258 Thread 0x000002c400b478d0 Exception <a 'sun/nio/fs/WindowsException'{0x0000000622c16040}> (0x0000000622c16040) 
thrown [s\src\hotspot\share\prims\jni.cpp, line 516]
Event: 7.259 Thread 0x000002c400b478d0 Exception <a 'sun/nio/fs/WindowsException'{0x0000000622c16310}> (0x0000000622c16310) 
thrown [s\src\hotspot\share\prims\jni.cpp, line 516]
Event: 7.263 Thread 0x000002c400b478d0 Exception <a 'java/lang/NoSuchMethodError'{0x0000000622c5fcf8}: 'int java.lang.invoke.DirectMethodHandle$Holder.invokeStaticInit(java.lang.Object, java.lang.Object, int, long)'> (0x0000000622c5fcf8) 
thrown [s\src\hotspot\share\interpreter\linkResolver.cpp, line 759]
Event: 7.264 Thread 0x000002c400b478d0 Exception <a 'java/lang/NoSuchMethodError'{0x0000000622c65868}: 'java.lang.Object java.lang.invoke.DirectMethodHandle$Holder.newInvokeSpecial(java.lang.Object, java.lang.Object, int)'> (0x0000000622c65868) 
thrown [s\src\hotspot\share\interpreter\linkResolver.cpp, line 759]
Event: 7.266 Thread 0x000002c400b478d0 Exception <a 'java/lang/NoSuchMethodError'{0x0000000622c744b8}: 'int java.lang.invoke.DirectMethodHandle$Holder.invokeStaticInit(java.lang.Object, java.lang.Object, long, long)'> (0x0000000622c744b8) 
thrown [s\src\hotspot\share\interpreter\linkResolver.cpp, line 759]
Event: 7.266 Thread 0x000002c400b478d0 Exception <a 'java/lang/NoSuchMethodError'{0x0000000622c7a4e8}: 'java.lang.Object java.lang.invoke.DirectMethodHandle$Holder.newInvokeSpecial(java.lang.Object, java.lang.Object, long)'> (0x0000000622c7a4e8) 
thrown [s\src\hotspot\share\interpreter\linkResolver.cpp, line 759]
Event: 7.267 Thread 0x000002c400b478d0 Exception <a 'java/lang/NoSuchMethodError'{0x0000000622cf90f0}: 'java.lang.Object java.lang.invoke.Invokers$Holder.linkToTargetMethod(java.lang.Object, long, java.lang.Object)'> (0x0000000622cf90f0) 
thrown [s\src\hotspot\share\interpreter\linkResolver.cpp, line 759]
Event: 7.267 Thread 0x000002c400b478d0 Exception <a 'java/lang/NoSuchMethodError'{0x0000000622d00998}: 'int java.lang.invoke.DirectMethodHandle$Holder.invokeStaticInit(java.lang.Object, java.lang.Object, java.lang.Object, long)'> (0x0000000622d00998) 
thrown [s\src\hotspot\share\interpreter\linkResolver.cpp, line 759]

VM Operations (18 events):
Event: 0.382 Executing VM operation: ChangeBreakpoints
Event: 0.382 Executing VM operation: ChangeBreakpoints done
Event: 0.593 Executing VM operation: HandshakeAllThreads
Event: 0.593 Executing VM operation: HandshakeAllThreads done
Event: 0.704 Executing VM operation: ChangeBreakpoints
Event: 0.704 Executing VM operation: ChangeBreakpoints done
Event: 0.706 Executing VM operation: ChangeBreakpoints
Event: 0.706 Executing VM operation: ChangeBreakpoints done
Event: 0.706 Executing VM operation: ChangeBreakpoints
Event: 0.706 Executing VM operation: ChangeBreakpoints done
Event: 1.721 Executing VM operation: Cleanup
Event: 1.721 Executing VM operation: Cleanup done
Event: 7.224 Executing VM operation: HandshakeAllThreads
Event: 7.224 Executing VM operation: HandshakeAllThreads done
Event: 7.224 Executing VM operation: Cleanup
Event: 7.224 Executing VM operation: Cleanup done
Event: 7.242 Executing VM operation: HandshakeAllThreads
Event: 7.242 Executing VM operation: HandshakeAllThreads done

Events (20 events):
Event: 7.262 loading class sun/misc/Unsafe
Event: 7.262 loading class sun/misc/Unsafe done
Event: 7.262 loading class jdk/internal/reflect/UnsafeFieldAccessorFactory
Event: 7.262 loading class jdk/internal/reflect/UnsafeFieldAccessorFactory done
Event: 7.262 loading class jdk/internal/reflect/UnsafeQualifiedStaticObjectFieldAccessorImpl
Event: 7.262 loading class jdk/internal/reflect/UnsafeQualifiedStaticFieldAccessorImpl
Event: 7.262 loading class jdk/internal/reflect/UnsafeQualifiedStaticFieldAccessorImpl done
Event: 7.262 loading class jdk/internal/reflect/UnsafeQualifiedStaticObjectFieldAccessorImpl done
Event: 7.263 loading class java/util/function/LongPredicate
Event: 7.263 loading class java/util/function/LongPredicate done
Event: 7.264 loading class jdk/internal/access/foreign/MemorySegmentProxy
Event: 7.264 loading class jdk/internal/access/foreign/MemorySegmentProxy done
Event: 7.268 loading class java/nio/InvalidMarkException
Event: 7.268 loading class java/nio/InvalidMarkException done
Event: 7.268 loading class java/nio/BufferUnderflowException
Event: 7.268 loading class java/nio/BufferUnderflowException done
Event: 7.269 loading class java/lang/IndexOutOfBoundsException
Event: 7.269 loading class java/lang/IndexOutOfBoundsException done
Event: 7.273 loading class java/util/Formatter$FixedString
Event: 7.273 loading class java/util/Formatter$FixedString done


Dynamic libraries:
0x00007ff6839a0000 - 0x00007ff6839ae000 	C:\Program Files\BlueJ\jdk\bin\java.exe
0x00007ffdb78b0000 - 0x00007ffdb7ac7000 	C:\WINDOWS\SYSTEM32\ntdll.dll
0x00007ffdb57a0000 - 0x00007ffdb5864000 	C:\WINDOWS\System32\KERNEL32.DLL
0x00007ffdb51a0000 - 0x00007ffdb5546000 	C:\WINDOWS\System32\KERNELBASE.dll
0x00007ffdb4f10000 - 0x00007ffdb5021000 	C:\WINDOWS\System32\ucrtbase.dll
0x00007ffd4af40000 - 0x00007ffd4af58000 	C:\Program Files\BlueJ\jdk\bin\jli.dll
0x00007ffd4af20000 - 0x00007ffd4af39000 	C:\Program Files\BlueJ\jdk\bin\VCRUNTIME140.dll
0x00007ffdb5da0000 - 0x00007ffdb5f4e000 	C:\WINDOWS\System32\USER32.dll
0x00007ffda6ea0000 - 0x00007ffda7133000 	C:\WINDOWS\WinSxS\amd64_microsoft.windows.common-controls_6595b64144ccf1df_6.0.22621.2506_none_270c5ae97388e100\COMCTL32.dll
0x00007ffdb5550000 - 0x00007ffdb5576000 	C:\WINDOWS\System32\win32u.dll
0x00007ffdb5600000 - 0x00007ffdb56a7000 	C:\WINDOWS\System32\msvcrt.dll
0x00007ffdb75b0000 - 0x00007ffdb75d9000 	C:\WINDOWS\System32\GDI32.dll
0x00007ffdb4c20000 - 0x00007ffdb4d38000 	C:\WINDOWS\System32\gdi32full.dll
0x00007ffdb4e70000 - 0x00007ffdb4f0a000 	C:\WINDOWS\System32\msvcp_win.dll
0x00007ffdb5730000 - 0x00007ffdb5761000 	C:\WINDOWS\System32\IMM32.DLL
0x00007ffd4c010000 - 0x00007ffd4c01c000 	C:\Program Files\BlueJ\jdk\bin\vcruntime140_1.dll
0x00007ffd4bf70000 - 0x00007ffd4c001000 	C:\Program Files\BlueJ\jdk\bin\msvcp140.dll
0x00007ffd4a2d0000 - 0x00007ffd4af16000 	C:\Program Files\BlueJ\jdk\bin\server\jvm.dll
0x00007ffdb63f0000 - 0x00007ffdb64a1000 	C:\WINDOWS\System32\ADVAPI32.dll
0x00007ffdb77a0000 - 0x00007ffdb7845000 	C:\WINDOWS\System32\sechost.dll
0x00007ffdb6660000 - 0x00007ffdb6777000 	C:\WINDOWS\System32\RPCRT4.dll
0x00007ffdb63e0000 - 0x00007ffdb63e8000 	C:\WINDOWS\System32\PSAPI.DLL
0x00007ffd4bf60000 - 0x00007ffd4bf69000 	C:\WINDOWS\SYSTEM32\WSOCK32.dll
0x00007ffdb7530000 - 0x00007ffdb75a1000 	C:\WINDOWS\System32\WS2_32.dll
0x00007ffdac230000 - 0x00007ffdac23a000 	C:\WINDOWS\SYSTEM32\VERSION.dll
0x00007ffdaa2f0000 - 0x00007ffdaa324000 	C:\WINDOWS\SYSTEM32\WINMM.dll
0x00007ffdb3cd0000 - 0x00007ffdb3ce8000 	C:\WINDOWS\SYSTEM32\kernel.appcore.dll
0x00007ffd4bf50000 - 0x00007ffd4bf5a000 	C:\Program Files\BlueJ\jdk\bin\jimage.dll
0x00007ffdb2230000 - 0x00007ffdb2463000 	C:\WINDOWS\SYSTEM32\DBGHELP.DLL
0x00007ffdb6050000 - 0x00007ffdb63d9000 	C:\WINDOWS\System32\combase.dll
0x00007ffdb7050000 - 0x00007ffdb7127000 	C:\WINDOWS\System32\OLEAUT32.dll
0x00007ffd84030000 - 0x00007ffd84062000 	C:\WINDOWS\SYSTEM32\dbgcore.DLL
0x00007ffdb5580000 - 0x00007ffdb55fa000 	C:\WINDOWS\System32\bcryptPrimitives.dll
0x00007ffd3cb50000 - 0x00007ffd3cb8b000 	C:\Program Files\BlueJ\jdk\bin\jdwp.dll
0x00007ffd4bf20000 - 0x00007ffd4bf45000 	C:\Program Files\BlueJ\jdk\bin\java.dll
0x00007ffd4be40000 - 0x00007ffd4bf16000 	C:\Program Files\BlueJ\jdk\bin\jsvml.dll
0x00007ffdb6780000 - 0x00007ffdb6fda000 	C:\WINDOWS\System32\SHELL32.dll
0x00007ffdb2b00000 - 0x00007ffdb33f6000 	C:\WINDOWS\SYSTEM32\windows.storage.dll
0x00007ffdb29c0000 - 0x00007ffdb2afe000 	C:\WINDOWS\SYSTEM32\wintypes.dll
0x00007ffdb64b0000 - 0x00007ffdb65a3000 	C:\WINDOWS\System32\SHCORE.dll
0x00007ffdb65b0000 - 0x00007ffdb660e000 	C:\WINDOWS\System32\shlwapi.dll
0x00007ffdb4b50000 - 0x00007ffdb4b76000 	C:\WINDOWS\SYSTEM32\profapi.dll
0x00007ffd746d0000 - 0x00007ffd746db000 	C:\Program Files\BlueJ\jdk\bin\dt_shmem.dll
0x00007ffd49c90000 - 0x00007ffd49ca9000 	C:\Program Files\BlueJ\jdk\bin\net.dll
0x00007ffdae6e0000 - 0x00007ffdae817000 	C:\WINDOWS\SYSTEM32\WINHTTP.dll
0x00007ffdb4150000 - 0x00007ffdb41b9000 	C:\WINDOWS\system32\mswsock.dll
0x00007ffd4be20000 - 0x00007ffd4be35000 	C:\Program Files\BlueJ\jdk\bin\nio.dll
0x00007ffd4be00000 - 0x00007ffd4be18000 	C:\Program Files\BlueJ\jdk\bin\zip.dll
0x00007ffd3e200000 - 0x00007ffd3e38e000 	C:\Program Files\BlueJ\jdk\bin\awt.dll
0x00007ffdb0e90000 - 0x00007ffdb0f27000 	C:\WINDOWS\SYSTEM32\apphelp.dll
0x00007ffdb0f90000 - 0x00007ffdb103b000 	C:\WINDOWS\system32\uxtheme.dll
0x00007ffdb7140000 - 0x00007ffdb7290000 	C:\WINDOWS\System32\MSCTF.dll
0x00007ffdb7390000 - 0x00007ffdb7530000 	C:\WINDOWS\System32\ole32.dll
0x00007ffd37440000 - 0x00007ffd374bb000 	C:\Users\reidj\AppData\Local\Temp\lwjgl_reidj\3.3.3+5\x64\lwjgl.dll
0x00007ffd373e0000 - 0x00007ffd3743e000 	C:\Users\reidj\AppData\Local\Temp\lwjgl_reidj\3.3.3+5\x64\lwjgl_opengl.dll
0x00007ffd3d5b0000 - 0x00007ffd3d6b0000 	C:\WINDOWS\SYSTEM32\opengl32.dll
0x00007ffd48490000 - 0x00007ffd484bd000 	C:\WINDOWS\SYSTEM32\GLU32.dll
0x00007ffdb1620000 - 0x00007ffdb1656000 	C:\WINDOWS\SYSTEM32\dxcore.dll

dbghelp: loaded successfully - version: 4.0.5 - missing functions: none
symbol engine: initialized successfully - sym options: 0x614 - pdb path: .;C:\Program Files\BlueJ\jdk\bin;C:\WINDOWS\SYSTEM32;C:\WINDOWS\WinSxS\amd64_microsoft.windows.common-controls_6595b64144ccf1df_6.0.22621.2506_none_270c5ae97388e100;C:\Program Files\BlueJ\jdk\bin\server;C:\Users\reidj\AppData\Local\Temp\lwjgl_reidj\3.3.3+5\x64

VM Arguments:
jvm_args: -ea -agentlib:jdwp=transport=dt_shmem,address=javadebug -Dfile.encoding=UTF-8 
java_command: bluej.runtime.ExecServer UTF-8
java_class_path (initial): C:\Program Files\BlueJ\lib\bluejcore.jar;C:\Program Files\BlueJ\lib\junit-jupiter-5.5.2.jar;C:\Program Files\BlueJ\lib\junit-jupiter-api-5.5.2.jar;C:\Program Files\BlueJ\lib\junit-jupiter-engine-5.5.2.jar;C:\Program Files\BlueJ\lib\junit-jupiter-migrationsupport-5.5.2.jar;C:\Program Files\BlueJ\lib\junit-jupiter-params-5.5.2.jar;C:\Program Files\BlueJ\lib\junit-platform-commons-1.5.2.jar;C:\Program Files\BlueJ\lib\junit-platform-console-1.5.2.jar;C:\Program Files\BlueJ\lib\junit-platform-console-standalone-1.5.2.jar;C:\Program Files\BlueJ\lib\junit-platform-engine-1.5.2.jar;C:\Program Files\BlueJ\lib\junit-platform-launcher-1.5.2.jar;C:\Program Files\BlueJ\lib\junit-platform-reporting-1.5.2.jar;C:\Program Files\BlueJ\lib\junit-platform-runner-1.5.2.jar;C:\Program Files\BlueJ\lib\junit-platform-suite-api-1.5.2.jar;C:\Program Files\BlueJ\lib\junit-platform-testkit-1.5.2.jar;C:\Program Files\BlueJ\lib\junit-quickcheck-core-0.9.jar;C:\Program Files\BlueJ\lib\junit-vintage-engine-5.5.2.jar;C:\Program Files\BlueJ\lib\hamcrest-core-1.3.jar;C:\Program Files\BlueJ\lib\hamcrest-library-1.3.jar;C:\Program Files\BlueJ\lib\lang-stride.jar;C:\Program Files\BlueJ\lib\javafx\lib\javafx.base.jar;C:\Program Files\BlueJ\lib\javafx\lib\javafx.controls.jar;C:\Program Files\BlueJ\lib\javafx\lib\javafx.fxml.jar;C:\Program Files\BlueJ\lib\javafx\lib\javafx.graphics.jar;C:\Program Files\BlueJ\lib\javafx\lib\javafx.media.jar;C:\Program Files\BlueJ\lib\javafx\lib\javafx.properties.jar;C:\Program Files\BlueJ\lib\javafx\lib\javafx.swing.jar;C:\Program Files\BlueJ\lib\javafx\lib\javafx.web.jar;C:\Program Files\BlueJ\lib\javafx\lib\javafx.base.jar;C:\Program Files\BlueJ\lib\javafx\lib\javafx.controls.jar;C:\Program Files\BlueJ\lib\javafx\lib\javafx.fxml.jar;C:\Program Files\BlueJ\lib\javafx\lib\javafx.graphics.jar;C:\Program Files\BlueJ\lib\javafx\lib\javafx.media.jar;C:\Program Files\BlueJ\lib\javafx\lib\javafx.properties.jar;C:\Program Files\BlueJ\lib\javafx\lib\jav
Launcher Type: SUN_STANDARD

[Global flags]
     intx CICompilerCount                          = 12                                        {product} {ergonomic}
     uint ConcGCThreads                            = 3                                         {product} {ergonomic}
     uint G1ConcRefinementThreads                  = 13                                        {product} {ergonomic}
   size_t G1HeapRegionSize                         = 4194304                                   {product} {ergonomic}
    uintx GCDrainStackTargetSize                   = 64                                        {product} {ergonomic}
   size_t InitialHeapSize                          = 532676608                                 {product} {ergonomic}
   size_t MarkStackSize                            = 4194304                                   {product} {ergonomic}
   size_t MaxHeapSize                              = 8522825728                                {product} {ergonomic}
   size_t MaxNewSize                               = 5112856576                                {product} {ergonomic}
   size_t MinHeapDeltaBytes                        = 4194304                                   {product} {ergonomic}
   size_t MinHeapSize                              = 8388608                                   {product} {ergonomic}
    uintx NonNMethodCodeHeapSize                   = 7602480                                {pd product} {ergonomic}
    uintx NonProfiledCodeHeapSize                  = 122027880                              {pd product} {ergonomic}
    uintx ProfiledCodeHeapSize                     = 122027880                              {pd product} {ergonomic}
    uintx ReservedCodeCacheSize                    = 251658240                              {pd product} {ergonomic}
     bool SegmentedCodeCache                       = true                                      {product} {ergonomic}
   size_t SoftMaxHeapSize                          = 8522825728                             {manageable} {ergonomic}
     bool UseCompressedClassPointers               = true                           {product lp64_product} {ergonomic}
     bool UseCompressedOops                        = true                           {product lp64_product} {ergonomic}
     bool UseG1GC                                  = true                                      {product} {ergonomic}
     bool UseLargePagesIndividualAllocation        = false                                  {pd product} {ergonomic}

Logging:
Log output configuration:
 #0: stdout all=warning uptime,level,tags
 #1: stderr all=off uptime,level,tags

Environment Variables:
PATH=C:\Program Files\Oculus\Support\oculus-runtime;C:\Program Files\Common Files\Oracle\Java\javapath;C:\Windows\system32;C:\Windows;C:\Windows\System32\Wbem;C:\Windows\System32\WindowsPowerShell\v1.0\;C:\Windows\System32\OpenSSH\;C:\Program Files (x86)\NVIDIA Corporation\PhysX\Common;C:\Program Files\NVIDIA Corporation\NVIDIA NvDLISR;C:\Program Files\nodejs\;C:\Program Files\Git\cmd;C:\WINDOWS\system32;C:\WINDOWS;C:\WINDOWS\System32\Wbem;C:\WINDOWS\System32\WindowsPowerShell\v1.0\;C:\WINDOWS\System32\OpenSSH\;C:\Program Files\dotnet\;C:\Users\reidj\.cargo\bin;C:\Users\reidj\AppData\Local\Microsoft\WindowsApps;C:\Users\reidj\AppData\Local\GitHubDesktop\bin;C:\Users\reidj\AppData\Roaming\npm;;C:\Users\reidj\AppData\Local\Programs\Microsoft VS Code\bin;C:\Program Files\CMake\bin;C:\Program Files\LLVM\bin;C:\Users\reidj\.dotnet\tools
USERNAME=reidj
OS=Windows_NT
PROCESSOR_IDENTIFIER=Intel64 Family 6 Model 167 Stepping 1, GenuineIntel
TMP=C:\Users\reidj\AppData\Local\Temp
TEMP=C:\Users\reidj\AppData\Local\Temp



---------------  S Y S T E M  ---------------

OS:
 Windows 11 , 64 bit Build 22621 (10.0.22621.2506)
OS uptime: 0 days 0:00 hours
Hyper-V role detected

CPU: total 16 (initial active 16) (8 cores per cpu, 2 threads per core) family 6 model 167 stepping 1 microcode 0x2c, cx8, cmov, fxsr, ht, mmx, 3dnowpref, sse, sse2, sse3, ssse3, sse4.1, sse4.2, popcnt, lzcnt, tsc, tscinvbit, avx, avx2, aes, erms, clmul, bmi1, bmi2, adx, avx512f, avx512dq, avx512cd, avx512bw, avx512vl, sha, fma, vzeroupper, avx512_vpopcntdq, avx512_vpclmulqdq, avx512_vaes, avx512_vnni, clflush, clflushopt, avx512_vbmi2, avx512_vbmi, hv

Memory: 4k page, system-wide physical 32505M (26083M free)
TotalPageFile size 37369M (AvailPageFile size 28514M)
current process WorkingSet (physical memory assigned to process): 56M, peak: 56M
current process commit charge ("private bytes"): 629M, peak: 629M

vm_info: OpenJDK 64-Bit Server VM (17.0.4+8) for windows-amd64 JRE (17.0.4+8), built on Jul 19 2022 16:05:16 by "temurin" with MS VC++ 16.7 (VS2019)

END.
